{"D:\\Berkas penting\\Course\\Dicoding\\Kelas_Expert Backend Javascript\\Source Code Project\\Forum-API-project\\src\\Applications\\security\\AuthenticationTokenManager.js": {"path":"D:\\Berkas penting\\Course\\Dicoding\\Kelas_Expert Backend Javascript\\Source Code Project\\Forum-API-project\\src\\Applications\\security\\AuthenticationTokenManager.js","statementMap":{"0":{"start":{"line":3,"column":4},"end":{"line":3,"column":75}},"1":{"start":{"line":7,"column":4},"end":{"line":7,"column":75}},"2":{"start":{"line":11,"column":4},"end":{"line":11,"column":75}},"3":{"start":{"line":15,"column":4},"end":{"line":15,"column":75}},"4":{"start":{"line":19,"column":0},"end":{"line":19,"column":44}}},"fnMap":{"0":{"name":"(anonymous_0)","decl":{"start":{"line":2,"column":2},"end":{"line":2,"column":3}},"loc":{"start":{"line":2,"column":36},"end":{"line":4,"column":3}},"line":2},"1":{"name":"(anonymous_1)","decl":{"start":{"line":6,"column":2},"end":{"line":6,"column":3}},"loc":{"start":{"line":6,"column":35},"end":{"line":8,"column":3}},"line":6},"2":{"name":"(anonymous_2)","decl":{"start":{"line":10,"column":2},"end":{"line":10,"column":3}},"loc":{"start":{"line":10,"column":34},"end":{"line":12,"column":3}},"line":10},"3":{"name":"(anonymous_3)","decl":{"start":{"line":14,"column":2},"end":{"line":14,"column":3}},"loc":{"start":{"line":14,"column":24},"end":{"line":16,"column":3}},"line":14}},"branchMap":{},"s":{"0":1,"1":1,"2":1,"3":1,"4":9},"f":{"0":1,"1":1,"2":1,"3":1},"b":{},"_coverageSchema":"1a1c01bbd47fc00a2c39e90264f33305004495a9","hash":"039551f1c5f5959b11ccb69137f028b18b116c6d"}
,"D:\\Berkas penting\\Course\\Dicoding\\Kelas_Expert Backend Javascript\\Source Code Project\\Forum-API-project\\src\\Applications\\security\\PasswordHash.js": {"path":"D:\\Berkas penting\\Course\\Dicoding\\Kelas_Expert Backend Javascript\\Source Code Project\\Forum-API-project\\src\\Applications\\security\\PasswordHash.js","statementMap":{"0":{"start":{"line":3,"column":4},"end":{"line":3,"column":60}},"1":{"start":{"line":7,"column":4},"end":{"line":7,"column":60}},"2":{"start":{"line":11,"column":0},"end":{"line":11,"column":30}}},"fnMap":{"0":{"name":"(anonymous_0)","decl":{"start":{"line":2,"column":2},"end":{"line":2,"column":3}},"loc":{"start":{"line":2,"column":23},"end":{"line":4,"column":3}},"line":2},"1":{"name":"(anonymous_1)","decl":{"start":{"line":6,"column":2},"end":{"line":6,"column":3}},"loc":{"start":{"line":6,"column":42},"end":{"line":8,"column":3}},"line":6}},"branchMap":{},"s":{"0":1,"1":1,"2":9},"f":{"0":1,"1":1},"b":{},"_coverageSchema":"1a1c01bbd47fc00a2c39e90264f33305004495a9","hash":"84212b6339890cef8a8691c91a7a85a07e506a9e"}
,"D:\\Berkas penting\\Course\\Dicoding\\Kelas_Expert Backend Javascript\\Source Code Project\\Forum-API-project\\src\\Applications\\use_case\\AddCommentUseCase.js": {"path":"D:\\Berkas penting\\Course\\Dicoding\\Kelas_Expert Backend Javascript\\Source Code Project\\Forum-API-project\\src\\Applications\\use_case\\AddCommentUseCase.js","statementMap":{"0":{"start":{"line":1,"column":19},"end":{"line":1,"column":72}},"1":{"start":{"line":5,"column":4},"end":{"line":5,"column":48}},"2":{"start":{"line":6,"column":4},"end":{"line":6,"column":46}},"3":{"start":{"line":10,"column":4},"end":{"line":12,"column":6}},"4":{"start":{"line":13,"column":23},"end":{"line":13,"column":53}},"5":{"start":{"line":15,"column":4},"end":{"line":15,"column":58}},"6":{"start":{"line":19,"column":0},"end":{"line":19,"column":35}}},"fnMap":{"0":{"name":"(anonymous_0)","decl":{"start":{"line":4,"column":2},"end":{"line":4,"column":3}},"loc":{"start":{"line":4,"column":55},"end":{"line":7,"column":3}},"line":4},"1":{"name":"(anonymous_1)","decl":{"start":{"line":9,"column":2},"end":{"line":9,"column":3}},"loc":{"start":{"line":9,"column":32},"end":{"line":16,"column":3}},"line":9}},"branchMap":{},"s":{"0":7,"1":2,"2":2,"3":4,"4":4,"5":2,"6":7},"f":{"0":2,"1":4},"b":{},"_coverageSchema":"1a1c01bbd47fc00a2c39e90264f33305004495a9","hash":"34322b499a972cb0f406a7f4a92a1024d9450102"}
,"D:\\Berkas penting\\Course\\Dicoding\\Kelas_Expert Backend Javascript\\Source Code Project\\Forum-API-project\\src\\Applications\\use_case\\AddReplyUseCase.js": {"path":"D:\\Berkas penting\\Course\\Dicoding\\Kelas_Expert Backend Javascript\\Source Code Project\\Forum-API-project\\src\\Applications\\use_case\\AddReplyUseCase.js","statementMap":{"0":{"start":{"line":1,"column":17},"end":{"line":1,"column":67}},"1":{"start":{"line":5,"column":4},"end":{"line":5,"column":44}},"2":{"start":{"line":6,"column":4},"end":{"line":6,"column":48}},"3":{"start":{"line":7,"column":4},"end":{"line":7,"column":46}},"4":{"start":{"line":11,"column":4},"end":{"line":13,"column":6}},"5":{"start":{"line":14,"column":4},"end":{"line":16,"column":6}},"6":{"start":{"line":17,"column":21},"end":{"line":17,"column":49}},"7":{"start":{"line":18,"column":4},"end":{"line":18,"column":52}},"8":{"start":{"line":22,"column":0},"end":{"line":22,"column":33}}},"fnMap":{"0":{"name":"(anonymous_0)","decl":{"start":{"line":4,"column":2},"end":{"line":4,"column":3}},"loc":{"start":{"line":4,"column":72},"end":{"line":8,"column":3}},"line":4},"1":{"name":"(anonymous_1)","decl":{"start":{"line":10,"column":2},"end":{"line":10,"column":3}},"loc":{"start":{"line":10,"column":32},"end":{"line":19,"column":3}},"line":10}},"branchMap":{},"s":{"0":7,"1":2,"2":2,"3":2,"4":4,"5":4,"6":4,"7":2,"8":7},"f":{"0":2,"1":4},"b":{},"_coverageSchema":"1a1c01bbd47fc00a2c39e90264f33305004495a9","hash":"353dcefafc2dd2b2f21d1355a304c67e585ddef7"}
,"D:\\Berkas penting\\Course\\Dicoding\\Kelas_Expert Backend Javascript\\Source Code Project\\Forum-API-project\\src\\Applications\\use_case\\AddThreadUseCase.js": {"path":"D:\\Berkas penting\\Course\\Dicoding\\Kelas_Expert Backend Javascript\\Source Code Project\\Forum-API-project\\src\\Applications\\use_case\\AddThreadUseCase.js","statementMap":{"0":{"start":{"line":1,"column":18},"end":{"line":1,"column":69}},"1":{"start":{"line":5,"column":4},"end":{"line":5,"column":46}},"2":{"start":{"line":9,"column":22},"end":{"line":9,"column":51}},"3":{"start":{"line":10,"column":4},"end":{"line":10,"column":55}},"4":{"start":{"line":14,"column":0},"end":{"line":14,"column":34}}},"fnMap":{"0":{"name":"(anonymous_0)","decl":{"start":{"line":4,"column":2},"end":{"line":4,"column":3}},"loc":{"start":{"line":4,"column":36},"end":{"line":6,"column":3}},"line":4},"1":{"name":"(anonymous_1)","decl":{"start":{"line":8,"column":2},"end":{"line":8,"column":3}},"loc":{"start":{"line":8,"column":32},"end":{"line":11,"column":3}},"line":8}},"branchMap":{},"s":{"0":7,"1":2,"2":4,"3":2,"4":7},"f":{"0":2,"1":4},"b":{},"_coverageSchema":"1a1c01bbd47fc00a2c39e90264f33305004495a9","hash":"2dea7aa2d24a6ba2b327c90991b1571772f79977"}
,"D:\\Berkas penting\\Course\\Dicoding\\Kelas_Expert Backend Javascript\\Source Code Project\\Forum-API-project\\src\\Applications\\use_case\\AddUserUseCase.js": {"path":"D:\\Berkas penting\\Course\\Dicoding\\Kelas_Expert Backend Javascript\\Source Code Project\\Forum-API-project\\src\\Applications\\use_case\\AddUserUseCase.js","statementMap":{"0":{"start":{"line":1,"column":21},"end":{"line":1,"column":73}},"1":{"start":{"line":5,"column":4},"end":{"line":5,"column":42}},"2":{"start":{"line":6,"column":4},"end":{"line":6,"column":38}},"3":{"start":{"line":10,"column":25},"end":{"line":10,"column":57}},"4":{"start":{"line":11,"column":4},"end":{"line":11,"column":78}},"5":{"start":{"line":12,"column":4},"end":{"line":12,"column":81}},"6":{"start":{"line":13,"column":4},"end":{"line":13,"column":54}},"7":{"start":{"line":17,"column":0},"end":{"line":17,"column":32}}},"fnMap":{"0":{"name":"(anonymous_0)","decl":{"start":{"line":4,"column":2},"end":{"line":4,"column":3}},"loc":{"start":{"line":4,"column":48},"end":{"line":7,"column":3}},"line":4},"1":{"name":"(anonymous_1)","decl":{"start":{"line":9,"column":2},"end":{"line":9,"column":3}},"loc":{"start":{"line":9,"column":32},"end":{"line":14,"column":3}},"line":9}},"branchMap":{},"s":{"0":7,"1":6,"2":6,"3":25,"4":21,"5":20,"6":20,"7":7},"f":{"0":6,"1":25},"b":{},"_coverageSchema":"1a1c01bbd47fc00a2c39e90264f33305004495a9","hash":"f9b412fed8ae3622474a608cdb571430ea8ebd4d"}
,"D:\\Berkas penting\\Course\\Dicoding\\Kelas_Expert Backend Javascript\\Source Code Project\\Forum-API-project\\src\\Applications\\use_case\\DeleteAuthenticationUseCase.js": {"path":"D:\\Berkas penting\\Course\\Dicoding\\Kelas_Expert Backend Javascript\\Source Code Project\\Forum-API-project\\src\\Applications\\use_case\\DeleteAuthenticationUseCase.js","statementMap":{"0":{"start":{"line":5,"column":4},"end":{"line":5,"column":62}},"1":{"start":{"line":9,"column":4},"end":{"line":9,"column":42}},"2":{"start":{"line":10,"column":29},"end":{"line":10,"column":43}},"3":{"start":{"line":11,"column":4},"end":{"line":11,"column":78}},"4":{"start":{"line":12,"column":4},"end":{"line":12,"column":67}},"5":{"start":{"line":16,"column":29},"end":{"line":16,"column":36}},"6":{"start":{"line":17,"column":4},"end":{"line":19,"column":5}},"7":{"start":{"line":18,"column":6},"end":{"line":18,"column":82}},"8":{"start":{"line":21,"column":4},"end":{"line":23,"column":5}},"9":{"start":{"line":22,"column":6},"end":{"line":22,"column":97}},"10":{"start":{"line":27,"column":0},"end":{"line":27,"column":45}}},"fnMap":{"0":{"name":"(anonymous_0)","decl":{"start":{"line":2,"column":2},"end":{"line":2,"column":3}},"loc":{"start":{"line":4,"column":5},"end":{"line":6,"column":3}},"line":4},"1":{"name":"(anonymous_1)","decl":{"start":{"line":8,"column":2},"end":{"line":8,"column":3}},"loc":{"start":{"line":8,"column":32},"end":{"line":13,"column":3}},"line":8},"2":{"name":"(anonymous_2)","decl":{"start":{"line":15,"column":2},"end":{"line":15,"column":3}},"loc":{"start":{"line":15,"column":28},"end":{"line":24,"column":3}},"line":15}},"branchMap":{"0":{"loc":{"start":{"line":17,"column":4},"end":{"line":19,"column":5}},"type":"if","locations":[{"start":{"line":17,"column":4},"end":{"line":19,"column":5}},{"start":{},"end":{}}],"line":17},"1":{"loc":{"start":{"line":21,"column":4},"end":{"line":23,"column":5}},"type":"if","locations":[{"start":{"line":21,"column":4},"end":{"line":23,"column":5}},{"start":{},"end":{}}],"line":21}},"s":{"0":3,"1":3,"2":1,"3":1,"4":1,"5":3,"6":3,"7":1,"8":2,"9":1,"10":1},"f":{"0":3,"1":3,"2":3},"b":{"0":[1,2],"1":[1,1]},"_coverageSchema":"1a1c01bbd47fc00a2c39e90264f33305004495a9","hash":"9c5d2e055966d7b41b1505201074327441b13a29"}
,"D:\\Berkas penting\\Course\\Dicoding\\Kelas_Expert Backend Javascript\\Source Code Project\\Forum-API-project\\src\\Applications\\use_case\\DeleteCommentUseCase.js": {"path":"D:\\Berkas penting\\Course\\Dicoding\\Kelas_Expert Backend Javascript\\Source Code Project\\Forum-API-project\\src\\Applications\\use_case\\DeleteCommentUseCase.js","statementMap":{"0":{"start":{"line":1,"column":22},"end":{"line":1,"column":78}},"1":{"start":{"line":5,"column":4},"end":{"line":5,"column":48}},"2":{"start":{"line":6,"column":4},"end":{"line":6,"column":46}},"3":{"start":{"line":10,"column":43},"end":{"line":10,"column":76}},"4":{"start":{"line":12,"column":4},"end":{"line":12,"column":69}},"5":{"start":{"line":13,"column":4},"end":{"line":13,"column":72}},"6":{"start":{"line":14,"column":4},"end":{"line":14,"column":73}},"7":{"start":{"line":15,"column":4},"end":{"line":15,"column":64}},"8":{"start":{"line":19,"column":0},"end":{"line":19,"column":38}}},"fnMap":{"0":{"name":"(anonymous_0)","decl":{"start":{"line":4,"column":2},"end":{"line":4,"column":3}},"loc":{"start":{"line":4,"column":55},"end":{"line":7,"column":3}},"line":4},"1":{"name":"(anonymous_1)","decl":{"start":{"line":9,"column":2},"end":{"line":9,"column":3}},"loc":{"start":{"line":9,"column":32},"end":{"line":16,"column":3}},"line":9}},"branchMap":{},"s":{"0":7,"1":2,"2":2,"3":4,"4":4,"5":3,"6":3,"7":2,"8":7},"f":{"0":2,"1":4},"b":{},"_coverageSchema":"1a1c01bbd47fc00a2c39e90264f33305004495a9","hash":"37a4cce296c2405271bcda0d849636e773cde18b"}
,"D:\\Berkas penting\\Course\\Dicoding\\Kelas_Expert Backend Javascript\\Source Code Project\\Forum-API-project\\src\\Applications\\use_case\\DeleteReplyUseCase.js": {"path":"D:\\Berkas penting\\Course\\Dicoding\\Kelas_Expert Backend Javascript\\Source Code Project\\Forum-API-project\\src\\Applications\\use_case\\DeleteReplyUseCase.js","statementMap":{"0":{"start":{"line":1,"column":20},"end":{"line":1,"column":73}},"1":{"start":{"line":5,"column":4},"end":{"line":5,"column":46}},"2":{"start":{"line":6,"column":4},"end":{"line":6,"column":48}},"3":{"start":{"line":7,"column":4},"end":{"line":7,"column":44}},"4":{"start":{"line":11,"column":52},"end":{"line":13,"column":5}},"5":{"start":{"line":15,"column":4},"end":{"line":15,"column":69}},"6":{"start":{"line":16,"column":4},"end":{"line":16,"column":72}},"7":{"start":{"line":17,"column":4},"end":{"line":17,"column":66}},"8":{"start":{"line":18,"column":4},"end":{"line":18,"column":67}},"9":{"start":{"line":19,"column":4},"end":{"line":19,"column":58}},"10":{"start":{"line":23,"column":0},"end":{"line":23,"column":36}}},"fnMap":{"0":{"name":"(anonymous_0)","decl":{"start":{"line":4,"column":2},"end":{"line":4,"column":3}},"loc":{"start":{"line":4,"column":72},"end":{"line":8,"column":3}},"line":4},"1":{"name":"(anonymous_1)","decl":{"start":{"line":10,"column":2},"end":{"line":10,"column":3}},"loc":{"start":{"line":10,"column":32},"end":{"line":20,"column":3}},"line":10}},"branchMap":{},"s":{"0":7,"1":2,"2":2,"3":2,"4":4,"5":4,"6":3,"7":3,"8":3,"9":2,"10":7},"f":{"0":2,"1":4},"b":{},"_coverageSchema":"1a1c01bbd47fc00a2c39e90264f33305004495a9","hash":"5c6dfa34b8a0187f495b1718aeb001d914653971"}
,"D:\\Berkas penting\\Course\\Dicoding\\Kelas_Expert Backend Javascript\\Source Code Project\\Forum-API-project\\src\\Applications\\use_case\\DetailThreadUseCase.js": {"path":"D:\\Berkas penting\\Course\\Dicoding\\Kelas_Expert Backend Javascript\\Source Code Project\\Forum-API-project\\src\\Applications\\use_case\\DetailThreadUseCase.js","statementMap":{"0":{"start":{"line":3,"column":4},"end":{"line":3,"column":46}},"1":{"start":{"line":4,"column":4},"end":{"line":4,"column":48}},"2":{"start":{"line":5,"column":4},"end":{"line":5,"column":44}},"3":{"start":{"line":9,"column":19},"end":{"line":9,"column":71}},"4":{"start":{"line":10,"column":21},"end":{"line":12,"column":5}},"5":{"start":{"line":13,"column":20},"end":{"line":13,"column":78}},"6":{"start":{"line":14,"column":30},"end":{"line":14,"column":60}},"7":{"start":{"line":15,"column":29},"end":{"line":15,"column":57}},"8":{"start":{"line":16,"column":32},"end":{"line":19,"column":5}},"9":{"start":{"line":20,"column":4},"end":{"line":23,"column":6}},"10":{"start":{"line":26,"column":4},"end":{"line":33,"column":8}},"11":{"start":{"line":26,"column":38},"end":{"line":33,"column":5}},"12":{"start":{"line":37,"column":4},"end":{"line":43,"column":8}},"13":{"start":{"line":37,"column":35},"end":{"line":43,"column":5}},"14":{"start":{"line":47,"column":4},"end":{"line":54,"column":7}},"15":{"start":{"line":48,"column":33},"end":{"line":48,"column":47}},"16":{"start":{"line":49,"column":6},"end":{"line":52,"column":48}},"17":{"start":{"line":50,"column":27},"end":{"line":50,"column":58}},"18":{"start":{"line":52,"column":42},"end":{"line":52,"column":46}},"19":{"start":{"line":53,"column":6},"end":{"line":53,"column":32}},"20":{"start":{"line":57,"column":0},"end":{"line":57,"column":37}}},"fnMap":{"0":{"name":"(anonymous_0)","decl":{"start":{"line":2,"column":2},"end":{"line":2,"column":3}},"loc":{"start":{"line":2,"column":72},"end":{"line":6,"column":3}},"line":2},"1":{"name":"(anonymous_1)","decl":{"start":{"line":8,"column":2},"end":{"line":8,"column":3}},"loc":{"start":{"line":8,"column":26},"end":{"line":24,"column":3}},"line":8},"2":{"name":"(anonymous_2)","decl":{"start":{"line":25,"column":2},"end":{"line":25,"column":3}},"loc":{"start":{"line":25,"column":28},"end":{"line":34,"column":3}},"line":25},"3":{"name":"(anonymous_3)","decl":{"start":{"line":26,"column":24},"end":{"line":26,"column":25}},"loc":{"start":{"line":26,"column":38},"end":{"line":33,"column":5}},"line":26},"4":{"name":"(anonymous_4)","decl":{"start":{"line":36,"column":2},"end":{"line":36,"column":3}},"loc":{"start":{"line":36,"column":26},"end":{"line":44,"column":3}},"line":36},"5":{"name":"(anonymous_5)","decl":{"start":{"line":37,"column":23},"end":{"line":37,"column":24}},"loc":{"start":{"line":37,"column":35},"end":{"line":43,"column":5}},"line":37},"6":{"name":"(anonymous_6)","decl":{"start":{"line":46,"column":2},"end":{"line":46,"column":3}},"loc":{"start":{"line":46,"column":45},"end":{"line":55,"column":3}},"line":46},"7":{"name":"(anonymous_7)","decl":{"start":{"line":47,"column":24},"end":{"line":47,"column":25}},"loc":{"start":{"line":47,"column":37},"end":{"line":54,"column":5}},"line":47},"8":{"name":"(anonymous_8)","decl":{"start":{"line":50,"column":16},"end":{"line":50,"column":17}},"loc":{"start":{"line":50,"column":27},"end":{"line":50,"column":58}},"line":50},"9":{"name":"(anonymous_9)","decl":{"start":{"line":52,"column":13},"end":{"line":52,"column":14}},"loc":{"start":{"line":52,"column":42},"end":{"line":52,"column":46}},"line":52}},"branchMap":{"0":{"loc":{"start":{"line":30,"column":15},"end":{"line":32,"column":25}},"type":"cond-expr","locations":[{"start":{"line":31,"column":10},"end":{"line":31,"column":38}},{"start":{"line":32,"column":10},"end":{"line":32,"column":25}}],"line":30},"1":{"loc":{"start":{"line":42,"column":15},"end":{"line":42,"column":76}},"type":"cond-expr","locations":[{"start":{"line":42,"column":33},"end":{"line":42,"column":60}},{"start":{"line":42,"column":63},"end":{"line":42,"column":76}}],"line":42}},"s":{"0":2,"1":2,"2":2,"3":3,"4":2,"5":2,"6":2,"7":2,"8":2,"9":2,"10":2,"11":4,"12":2,"13":3,"14":2,"15":4,"16":4,"17":7,"18":3,"19":4,"20":7},"f":{"0":2,"1":3,"2":2,"3":4,"4":2,"5":3,"6":2,"7":4,"8":7,"9":3},"b":{"0":[1,3],"1":[1,2]},"_coverageSchema":"1a1c01bbd47fc00a2c39e90264f33305004495a9","hash":"ff9d3c0dcc607a0845d201245c527da479912827"}
,"D:\\Berkas penting\\Course\\Dicoding\\Kelas_Expert Backend Javascript\\Source Code Project\\Forum-API-project\\src\\Applications\\use_case\\LikeDislikeCommentUsecase.js": {"path":"D:\\Berkas penting\\Course\\Dicoding\\Kelas_Expert Backend Javascript\\Source Code Project\\Forum-API-project\\src\\Applications\\use_case\\LikeDislikeCommentUsecase.js","statementMap":{"0":{"start":{"line":1,"column":13},"end":{"line":1,"column":57}},"1":{"start":{"line":5,"column":4},"end":{"line":5,"column":56}},"2":{"start":{"line":6,"column":4},"end":{"line":6,"column":48}},"3":{"start":{"line":7,"column":4},"end":{"line":7,"column":46}},"4":{"start":{"line":11,"column":4},"end":{"line":11,"column":69}},"5":{"start":{"line":12,"column":4},"end":{"line":15,"column":6}},"6":{"start":{"line":17,"column":17},"end":{"line":17,"column":55}},"7":{"start":{"line":19,"column":20},"end":{"line":21,"column":5}},"8":{"start":{"line":23,"column":4},"end":{"line":27,"column":5}},"9":{"start":{"line":24,"column":6},"end":{"line":24,"column":58}},"10":{"start":{"line":26,"column":6},"end":{"line":26,"column":55}},"11":{"start":{"line":31,"column":0},"end":{"line":31,"column":43}}},"fnMap":{"0":{"name":"(anonymous_0)","decl":{"start":{"line":4,"column":2},"end":{"line":4,"column":3}},"loc":{"start":{"line":4,"column":78},"end":{"line":8,"column":3}},"line":4},"1":{"name":"(anonymous_1)","decl":{"start":{"line":10,"column":2},"end":{"line":10,"column":3}},"loc":{"start":{"line":10,"column":49},"end":{"line":28,"column":3}},"line":10}},"branchMap":{"0":{"loc":{"start":{"line":23,"column":4},"end":{"line":27,"column":5}},"type":"if","locations":[{"start":{"line":23,"column":4},"end":{"line":27,"column":5}},{"start":{"line":25,"column":11},"end":{"line":27,"column":5}}],"line":23}},"s":{"0":1,"1":2,"2":2,"3":2,"4":2,"5":2,"6":2,"7":2,"8":2,"9":1,"10":1,"11":1},"f":{"0":2,"1":2},"b":{"0":[1,1]},"_coverageSchema":"1a1c01bbd47fc00a2c39e90264f33305004495a9","hash":"c73053aa4d11f2a9544d9b8edab34340ccd90749"}
,"D:\\Berkas penting\\Course\\Dicoding\\Kelas_Expert Backend Javascript\\Source Code Project\\Forum-API-project\\src\\Applications\\use_case\\LoginUserUseCase.js": {"path":"D:\\Berkas penting\\Course\\Dicoding\\Kelas_Expert Backend Javascript\\Source Code Project\\Forum-API-project\\src\\Applications\\use_case\\LoginUserUseCase.js","statementMap":{"0":{"start":{"line":1,"column":18},"end":{"line":1,"column":67}},"1":{"start":{"line":2,"column":26},"end":{"line":2,"column":83}},"2":{"start":{"line":11,"column":4},"end":{"line":11,"column":42}},"3":{"start":{"line":12,"column":4},"end":{"line":12,"column":62}},"4":{"start":{"line":13,"column":4},"end":{"line":13,"column":66}},"5":{"start":{"line":14,"column":4},"end":{"line":14,"column":38}},"6":{"start":{"line":18,"column":35},"end":{"line":18,"column":64}},"7":{"start":{"line":20,"column":30},"end":{"line":20,"column":88}},"8":{"start":{"line":22,"column":4},"end":{"line":22,"column":74}},"9":{"start":{"line":24,"column":15},"end":{"line":24,"column":67}},"10":{"start":{"line":26,"column":24},"end":{"line":27,"column":42}},"11":{"start":{"line":28,"column":25},"end":{"line":29,"column":43}},"12":{"start":{"line":31,"column":30},"end":{"line":34,"column":6}},"13":{"start":{"line":36,"column":4},"end":{"line":36,"column":82}},"14":{"start":{"line":38,"column":4},"end":{"line":38,"column":29}},"15":{"start":{"line":42,"column":0},"end":{"line":42,"column":34}}},"fnMap":{"0":{"name":"(anonymous_0)","decl":{"start":{"line":5,"column":2},"end":{"line":5,"column":3}},"loc":{"start":{"line":10,"column":5},"end":{"line":15,"column":3}},"line":10},"1":{"name":"(anonymous_1)","decl":{"start":{"line":17,"column":2},"end":{"line":17,"column":3}},"loc":{"start":{"line":17,"column":32},"end":{"line":39,"column":3}},"line":17}},"branchMap":{},"s":{"0":7,"1":7,"2":5,"3":5,"4":5,"5":5,"6":22,"7":20,"8":19,"9":18,"10":18,"11":18,"12":18,"13":18,"14":18,"15":7},"f":{"0":5,"1":22},"b":{},"_coverageSchema":"1a1c01bbd47fc00a2c39e90264f33305004495a9","hash":"b70f44e7b745ff2db5629eed0624e73b3a3fdacd"}
,"D:\\Berkas penting\\Course\\Dicoding\\Kelas_Expert Backend Javascript\\Source Code Project\\Forum-API-project\\src\\Applications\\use_case\\LogoutUserUseCase.js": {"path":"D:\\Berkas penting\\Course\\Dicoding\\Kelas_Expert Backend Javascript\\Source Code Project\\Forum-API-project\\src\\Applications\\use_case\\LogoutUserUseCase.js","statementMap":{"0":{"start":{"line":5,"column":4},"end":{"line":5,"column":62}},"1":{"start":{"line":9,"column":4},"end":{"line":9,"column":42}},"2":{"start":{"line":10,"column":29},"end":{"line":10,"column":43}},"3":{"start":{"line":11,"column":4},"end":{"line":11,"column":78}},"4":{"start":{"line":12,"column":4},"end":{"line":12,"column":67}},"5":{"start":{"line":16,"column":29},"end":{"line":16,"column":36}},"6":{"start":{"line":17,"column":4},"end":{"line":19,"column":5}},"7":{"start":{"line":18,"column":6},"end":{"line":18,"column":82}},"8":{"start":{"line":21,"column":4},"end":{"line":23,"column":5}},"9":{"start":{"line":22,"column":6},"end":{"line":22,"column":97}},"10":{"start":{"line":27,"column":0},"end":{"line":27,"column":35}}},"fnMap":{"0":{"name":"(anonymous_0)","decl":{"start":{"line":2,"column":2},"end":{"line":2,"column":3}},"loc":{"start":{"line":4,"column":5},"end":{"line":6,"column":3}},"line":4},"1":{"name":"(anonymous_1)","decl":{"start":{"line":8,"column":2},"end":{"line":8,"column":3}},"loc":{"start":{"line":8,"column":32},"end":{"line":13,"column":3}},"line":8},"2":{"name":"(anonymous_2)","decl":{"start":{"line":15,"column":2},"end":{"line":15,"column":3}},"loc":{"start":{"line":15,"column":28},"end":{"line":24,"column":3}},"line":15}},"branchMap":{"0":{"loc":{"start":{"line":17,"column":4},"end":{"line":19,"column":5}},"type":"if","locations":[{"start":{"line":17,"column":4},"end":{"line":19,"column":5}},{"start":{},"end":{}}],"line":17},"1":{"loc":{"start":{"line":21,"column":4},"end":{"line":23,"column":5}},"type":"if","locations":[{"start":{"line":21,"column":4},"end":{"line":23,"column":5}},{"start":{},"end":{}}],"line":21}},"s":{"0":4,"1":7,"2":3,"3":3,"4":2,"5":7,"6":7,"7":2,"8":5,"9":2,"10":7},"f":{"0":4,"1":7,"2":7},"b":{"0":[2,5],"1":[2,3]},"_coverageSchema":"1a1c01bbd47fc00a2c39e90264f33305004495a9","hash":"c696679457f44b2f15ee5c001ca62ab4ab6d39fc"}
,"D:\\Berkas penting\\Course\\Dicoding\\Kelas_Expert Backend Javascript\\Source Code Project\\Forum-API-project\\src\\Applications\\use_case\\RefreshAuthenticationUseCase.js": {"path":"D:\\Berkas penting\\Course\\Dicoding\\Kelas_Expert Backend Javascript\\Source Code Project\\Forum-API-project\\src\\Applications\\use_case\\RefreshAuthenticationUseCase.js","statementMap":{"0":{"start":{"line":6,"column":4},"end":{"line":6,"column":62}},"1":{"start":{"line":7,"column":4},"end":{"line":7,"column":66}},"2":{"start":{"line":11,"column":4},"end":{"line":11,"column":40}},"3":{"start":{"line":12,"column":29},"end":{"line":12,"column":43}},"4":{"start":{"line":14,"column":4},"end":{"line":14,"column":76}},"5":{"start":{"line":15,"column":4},"end":{"line":15,"column":78}},"6":{"start":{"line":17,"column":29},"end":{"line":17,"column":95}},"7":{"start":{"line":19,"column":4},"end":{"line":19,"column":80}},"8":{"start":{"line":23,"column":29},"end":{"line":23,"column":36}},"9":{"start":{"line":25,"column":4},"end":{"line":27,"column":5}},"10":{"start":{"line":26,"column":6},"end":{"line":26,"column":83}},"11":{"start":{"line":29,"column":4},"end":{"line":31,"column":5}},"12":{"start":{"line":30,"column":6},"end":{"line":30,"column":98}},"13":{"start":{"line":35,"column":0},"end":{"line":35,"column":46}}},"fnMap":{"0":{"name":"(anonymous_0)","decl":{"start":{"line":2,"column":2},"end":{"line":2,"column":3}},"loc":{"start":{"line":5,"column":5},"end":{"line":8,"column":3}},"line":5},"1":{"name":"(anonymous_1)","decl":{"start":{"line":10,"column":2},"end":{"line":10,"column":3}},"loc":{"start":{"line":10,"column":32},"end":{"line":20,"column":3}},"line":10},"2":{"name":"(anonymous_2)","decl":{"start":{"line":22,"column":2},"end":{"line":22,"column":3}},"loc":{"start":{"line":22,"column":26},"end":{"line":32,"column":3}},"line":22}},"branchMap":{"0":{"loc":{"start":{"line":25,"column":4},"end":{"line":27,"column":5}},"type":"if","locations":[{"start":{"line":25,"column":4},"end":{"line":27,"column":5}},{"start":{},"end":{}}],"line":25},"1":{"loc":{"start":{"line":29,"column":4},"end":{"line":31,"column":5}},"type":"if","locations":[{"start":{"line":29,"column":4},"end":{"line":31,"column":5}},{"start":{},"end":{}}],"line":29}},"s":{"0":4,"1":4,"2":8,"3":4,"4":4,"5":3,"6":2,"7":2,"8":8,"9":8,"10":2,"11":6,"12":2,"13":7},"f":{"0":4,"1":8,"2":8},"b":{"0":[2,6],"1":[2,4]},"_coverageSchema":"1a1c01bbd47fc00a2c39e90264f33305004495a9","hash":"5899ecc411cc02191c54cdbe53116574e2720e47"}
,"D:\\Berkas penting\\Course\\Dicoding\\Kelas_Expert Backend Javascript\\Source Code Project\\Forum-API-project\\src\\Commons\\exceptions\\AuthenticationError.js": {"path":"D:\\Berkas penting\\Course\\Dicoding\\Kelas_Expert Backend Javascript\\Source Code Project\\Forum-API-project\\src\\Commons\\exceptions\\AuthenticationError.js","statementMap":{"0":{"start":{"line":1,"column":20},"end":{"line":1,"column":44}},"1":{"start":{"line":5,"column":4},"end":{"line":5,"column":24}},"2":{"start":{"line":6,"column":4},"end":{"line":6,"column":38}},"3":{"start":{"line":10,"column":0},"end":{"line":10,"column":37}}},"fnMap":{"0":{"name":"(anonymous_0)","decl":{"start":{"line":4,"column":2},"end":{"line":4,"column":3}},"loc":{"start":{"line":4,"column":23},"end":{"line":7,"column":3}},"line":4}},"branchMap":{},"s":{"0":7,"1":3,"2":3,"3":7},"f":{"0":3},"b":{},"_coverageSchema":"1a1c01bbd47fc00a2c39e90264f33305004495a9","hash":"4360bf3361f209327cc0231e8626516c72eca439"}
,"D:\\Berkas penting\\Course\\Dicoding\\Kelas_Expert Backend Javascript\\Source Code Project\\Forum-API-project\\src\\Commons\\exceptions\\AuthorizationError.js": {"path":"D:\\Berkas penting\\Course\\Dicoding\\Kelas_Expert Backend Javascript\\Source Code Project\\Forum-API-project\\src\\Commons\\exceptions\\AuthorizationError.js","statementMap":{"0":{"start":{"line":1,"column":20},"end":{"line":1,"column":44}},"1":{"start":{"line":5,"column":4},"end":{"line":5,"column":24}},"2":{"start":{"line":6,"column":4},"end":{"line":6,"column":37}},"3":{"start":{"line":10,"column":0},"end":{"line":10,"column":36}}},"fnMap":{"0":{"name":"(anonymous_0)","decl":{"start":{"line":4,"column":2},"end":{"line":4,"column":3}},"loc":{"start":{"line":4,"column":23},"end":{"line":7,"column":3}},"line":4}},"branchMap":{},"s":{"0":8,"1":5,"2":5,"3":8},"f":{"0":5},"b":{},"_coverageSchema":"1a1c01bbd47fc00a2c39e90264f33305004495a9","hash":"e16a01e454a5cfa33ee712291202d13c64c20762"}
,"D:\\Berkas penting\\Course\\Dicoding\\Kelas_Expert Backend Javascript\\Source Code Project\\Forum-API-project\\src\\Commons\\exceptions\\ClientError.js": {"path":"D:\\Berkas penting\\Course\\Dicoding\\Kelas_Expert Backend Javascript\\Source Code Project\\Forum-API-project\\src\\Commons\\exceptions\\ClientError.js","statementMap":{"0":{"start":{"line":3,"column":4},"end":{"line":3,"column":19}},"1":{"start":{"line":5,"column":4},"end":{"line":7,"column":5}},"2":{"start":{"line":6,"column":6},"end":{"line":6,"column":59}},"3":{"start":{"line":9,"column":4},"end":{"line":9,"column":33}},"4":{"start":{"line":10,"column":4},"end":{"line":10,"column":30}},"5":{"start":{"line":14,"column":0},"end":{"line":14,"column":29}}},"fnMap":{"0":{"name":"(anonymous_0)","decl":{"start":{"line":2,"column":2},"end":{"line":2,"column":3}},"loc":{"start":{"line":2,"column":41},"end":{"line":11,"column":3}},"line":2}},"branchMap":{"0":{"loc":{"start":{"line":2,"column":23},"end":{"line":2,"column":39}},"type":"default-arg","locations":[{"start":{"line":2,"column":36},"end":{"line":2,"column":39}}],"line":2},"1":{"loc":{"start":{"line":5,"column":4},"end":{"line":7,"column":5}},"type":"if","locations":[{"start":{"line":5,"column":4},"end":{"line":7,"column":5}},{"start":{},"end":{}}],"line":5}},"s":{"0":181,"1":181,"2":1,"3":180,"4":180,"5":19},"f":{"0":181},"b":{"0":[163],"1":[1,180]},"_coverageSchema":"1a1c01bbd47fc00a2c39e90264f33305004495a9","hash":"acf7cc45e19b0cdc10f2aeab464101ce688d7e14"}
,"D:\\Berkas penting\\Course\\Dicoding\\Kelas_Expert Backend Javascript\\Source Code Project\\Forum-API-project\\src\\Commons\\exceptions\\DomainErrorTranslator.js": {"path":"D:\\Berkas penting\\Course\\Dicoding\\Kelas_Expert Backend Javascript\\Source Code Project\\Forum-API-project\\src\\Commons\\exceptions\\DomainErrorTranslator.js","statementMap":{"0":{"start":{"line":1,"column":23},"end":{"line":1,"column":50}},"1":{"start":{"line":3,"column":30},"end":{"line":7,"column":1}},"2":{"start":{"line":5,"column":4},"end":{"line":5,"column":70}},"3":{"start":{"line":9,"column":0},"end":{"line":37,"column":2}},"4":{"start":{"line":39,"column":0},"end":{"line":39,"column":39}}},"fnMap":{"0":{"name":"(anonymous_0)","decl":{"start":{"line":4,"column":2},"end":{"line":4,"column":3}},"loc":{"start":{"line":4,"column":19},"end":{"line":6,"column":3}},"line":4}},"branchMap":{"0":{"loc":{"start":{"line":5,"column":11},"end":{"line":5,"column":69}},"type":"binary-expr","locations":[{"start":{"line":5,"column":11},"end":{"line":5,"column":60}},{"start":{"line":5,"column":64},"end":{"line":5,"column":69}}],"line":5}},"s":{"0":7,"1":7,"2":39,"3":7,"4":7},"f":{"0":39},"b":{"0":[39,19]},"_coverageSchema":"1a1c01bbd47fc00a2c39e90264f33305004495a9","hash":"a7416e649c40ef59003fb144c6ca6c25fedc369d"}
,"D:\\Berkas penting\\Course\\Dicoding\\Kelas_Expert Backend Javascript\\Source Code Project\\Forum-API-project\\src\\Commons\\exceptions\\InvariantError.js": {"path":"D:\\Berkas penting\\Course\\Dicoding\\Kelas_Expert Backend Javascript\\Source Code Project\\Forum-API-project\\src\\Commons\\exceptions\\InvariantError.js","statementMap":{"0":{"start":{"line":1,"column":20},"end":{"line":1,"column":44}},"1":{"start":{"line":5,"column":4},"end":{"line":5,"column":19}},"2":{"start":{"line":6,"column":4},"end":{"line":6,"column":33}},"3":{"start":{"line":10,"column":0},"end":{"line":10,"column":32}}},"fnMap":{"0":{"name":"(anonymous_0)","decl":{"start":{"line":4,"column":2},"end":{"line":4,"column":3}},"loc":{"start":{"line":4,"column":23},"end":{"line":7,"column":3}},"line":4}},"branchMap":{},"s":{"0":11,"1":162,"2":162,"3":11},"f":{"0":162},"b":{},"_coverageSchema":"1a1c01bbd47fc00a2c39e90264f33305004495a9","hash":"457efc050c3bdcfd2e8668b191a801c37469fbb5"}
,"D:\\Berkas penting\\Course\\Dicoding\\Kelas_Expert Backend Javascript\\Source Code Project\\Forum-API-project\\src\\Commons\\exceptions\\NotFoundError.js": {"path":"D:\\Berkas penting\\Course\\Dicoding\\Kelas_Expert Backend Javascript\\Source Code Project\\Forum-API-project\\src\\Commons\\exceptions\\NotFoundError.js","statementMap":{"0":{"start":{"line":1,"column":20},"end":{"line":1,"column":44}},"1":{"start":{"line":5,"column":4},"end":{"line":5,"column":24}},"2":{"start":{"line":6,"column":4},"end":{"line":6,"column":32}},"3":{"start":{"line":10,"column":0},"end":{"line":10,"column":31}}},"fnMap":{"0":{"name":"(anonymous_0)","decl":{"start":{"line":4,"column":2},"end":{"line":4,"column":3}},"loc":{"start":{"line":4,"column":23},"end":{"line":7,"column":3}},"line":4}},"branchMap":{},"s":{"0":9,"1":10,"2":10,"3":9},"f":{"0":10},"b":{},"_coverageSchema":"1a1c01bbd47fc00a2c39e90264f33305004495a9","hash":"7ad92b6c0f5c02de7f72591ffec0814cc80e1eb5"}
,"D:\\Berkas penting\\Course\\Dicoding\\Kelas_Expert Backend Javascript\\Source Code Project\\Forum-API-project\\src\\Domains\\authentications\\AuthenticationRepository.js": {"path":"D:\\Berkas penting\\Course\\Dicoding\\Kelas_Expert Backend Javascript\\Source Code Project\\Forum-API-project\\src\\Domains\\authentications\\AuthenticationRepository.js","statementMap":{"0":{"start":{"line":3,"column":4},"end":{"line":3,"column":72}},"1":{"start":{"line":7,"column":4},"end":{"line":7,"column":72}},"2":{"start":{"line":11,"column":4},"end":{"line":11,"column":72}},"3":{"start":{"line":15,"column":0},"end":{"line":15,"column":42}}},"fnMap":{"0":{"name":"(anonymous_0)","decl":{"start":{"line":2,"column":2},"end":{"line":2,"column":3}},"loc":{"start":{"line":2,"column":24},"end":{"line":4,"column":3}},"line":2},"1":{"name":"(anonymous_1)","decl":{"start":{"line":6,"column":2},"end":{"line":6,"column":3}},"loc":{"start":{"line":6,"column":38},"end":{"line":8,"column":3}},"line":6},"2":{"name":"(anonymous_2)","decl":{"start":{"line":10,"column":2},"end":{"line":10,"column":3}},"loc":{"start":{"line":10,"column":27},"end":{"line":12,"column":3}},"line":10}},"branchMap":{},"s":{"0":1,"1":1,"2":1,"3":11},"f":{"0":1,"1":1,"2":1},"b":{},"_coverageSchema":"1a1c01bbd47fc00a2c39e90264f33305004495a9","hash":"49d88d7bc1d211603127bb0c3f26073f2f43a06a"}
,"D:\\Berkas penting\\Course\\Dicoding\\Kelas_Expert Backend Javascript\\Source Code Project\\Forum-API-project\\src\\Domains\\authentications\\entities\\NewAuth.js": {"path":"D:\\Berkas penting\\Course\\Dicoding\\Kelas_Expert Backend Javascript\\Source Code Project\\Forum-API-project\\src\\Domains\\authentications\\entities\\NewAuth.js","statementMap":{"0":{"start":{"line":3,"column":4},"end":{"line":3,"column":33}},"1":{"start":{"line":5,"column":4},"end":{"line":5,"column":43}},"2":{"start":{"line":6,"column":4},"end":{"line":6,"column":45}},"3":{"start":{"line":10,"column":42},"end":{"line":10,"column":49}},"4":{"start":{"line":12,"column":4},"end":{"line":14,"column":5}},"5":{"start":{"line":13,"column":6},"end":{"line":13,"column":62}},"6":{"start":{"line":16,"column":4},"end":{"line":18,"column":5}},"7":{"start":{"line":17,"column":6},"end":{"line":17,"column":67}},"8":{"start":{"line":22,"column":0},"end":{"line":22,"column":25}}},"fnMap":{"0":{"name":"(anonymous_0)","decl":{"start":{"line":2,"column":2},"end":{"line":2,"column":3}},"loc":{"start":{"line":2,"column":23},"end":{"line":7,"column":3}},"line":2},"1":{"name":"(anonymous_1)","decl":{"start":{"line":9,"column":2},"end":{"line":9,"column":3}},"loc":{"start":{"line":9,"column":26},"end":{"line":19,"column":3}},"line":9}},"branchMap":{"0":{"loc":{"start":{"line":12,"column":4},"end":{"line":14,"column":5}},"type":"if","locations":[{"start":{"line":12,"column":4},"end":{"line":14,"column":5}},{"start":{},"end":{}}],"line":12},"1":{"loc":{"start":{"line":12,"column":8},"end":{"line":12,"column":37}},"type":"binary-expr","locations":[{"start":{"line":12,"column":8},"end":{"line":12,"column":20}},{"start":{"line":12,"column":24},"end":{"line":12,"column":37}}],"line":12},"2":{"loc":{"start":{"line":16,"column":4},"end":{"line":18,"column":5}},"type":"if","locations":[{"start":{"line":16,"column":4},"end":{"line":18,"column":5}},{"start":{},"end":{}}],"line":16},"3":{"loc":{"start":{"line":16,"column":8},"end":{"line":16,"column":75}},"type":"binary-expr","locations":[{"start":{"line":16,"column":8},"end":{"line":16,"column":39}},{"start":{"line":16,"column":43},"end":{"line":16,"column":75}}],"line":16}},"s":{"0":23,"1":21,"2":21,"3":23,"4":23,"5":1,"6":22,"7":1,"8":8},"f":{"0":23,"1":23},"b":{"0":[1,22],"1":[23,23],"2":[1,21],"3":[22,22]},"_coverageSchema":"1a1c01bbd47fc00a2c39e90264f33305004495a9","hash":"3b4ccf6a3c5a1488200d12105af8194d21aedbe1"}
,"D:\\Berkas penting\\Course\\Dicoding\\Kelas_Expert Backend Javascript\\Source Code Project\\Forum-API-project\\src\\Domains\\comments\\CommentRepository.js": {"path":"D:\\Berkas penting\\Course\\Dicoding\\Kelas_Expert Backend Javascript\\Source Code Project\\Forum-API-project\\src\\Domains\\comments\\CommentRepository.js","statementMap":{"0":{"start":{"line":5,"column":4},"end":{"line":5,"column":65}},"1":{"start":{"line":9,"column":4},"end":{"line":9,"column":65}},"2":{"start":{"line":13,"column":4},"end":{"line":13,"column":65}},"3":{"start":{"line":17,"column":4},"end":{"line":17,"column":65}},"4":{"start":{"line":21,"column":4},"end":{"line":21,"column":65}},"5":{"start":{"line":25,"column":0},"end":{"line":25,"column":35}}},"fnMap":{"0":{"name":"(anonymous_0)","decl":{"start":{"line":4,"column":2},"end":{"line":4,"column":3}},"loc":{"start":{"line":4,"column":31},"end":{"line":6,"column":3}},"line":4},"1":{"name":"(anonymous_1)","decl":{"start":{"line":8,"column":2},"end":{"line":8,"column":3}},"loc":{"start":{"line":8,"column":39},"end":{"line":10,"column":3}},"line":8},"2":{"name":"(anonymous_2)","decl":{"start":{"line":12,"column":2},"end":{"line":12,"column":3}},"loc":{"start":{"line":12,"column":47},"end":{"line":14,"column":3}},"line":12},"3":{"name":"(anonymous_3)","decl":{"start":{"line":16,"column":2},"end":{"line":16,"column":3}},"loc":{"start":{"line":16,"column":40},"end":{"line":18,"column":3}},"line":16},"4":{"name":"(anonymous_4)","decl":{"start":{"line":20,"column":2},"end":{"line":20,"column":3}},"loc":{"start":{"line":20,"column":30},"end":{"line":22,"column":3}},"line":20}},"branchMap":{},"s":{"0":1,"1":1,"2":1,"3":1,"4":1,"5":13},"f":{"0":1,"1":1,"2":1,"3":1,"4":1},"b":{},"_coverageSchema":"1a1c01bbd47fc00a2c39e90264f33305004495a9","hash":"e0f5a0e252e04a01cfc803792bfddf429364c659"}
,"D:\\Berkas penting\\Course\\Dicoding\\Kelas_Expert Backend Javascript\\Source Code Project\\Forum-API-project\\src\\Domains\\comments\\entities\\AddComment.js": {"path":"D:\\Berkas penting\\Course\\Dicoding\\Kelas_Expert Backend Javascript\\Source Code Project\\Forum-API-project\\src\\Domains\\comments\\entities\\AddComment.js","statementMap":{"0":{"start":{"line":3,"column":4},"end":{"line":3,"column":33}},"1":{"start":{"line":4,"column":41},"end":{"line":4,"column":48}},"2":{"start":{"line":5,"column":4},"end":{"line":5,"column":29}},"3":{"start":{"line":6,"column":4},"end":{"line":6,"column":27}},"4":{"start":{"line":7,"column":4},"end":{"line":7,"column":23}},"5":{"start":{"line":11,"column":4},"end":{"line":13,"column":5}},"6":{"start":{"line":12,"column":6},"end":{"line":12,"column":65}},"7":{"start":{"line":14,"column":4},"end":{"line":20,"column":5}},"8":{"start":{"line":19,"column":6},"end":{"line":19,"column":70}},"9":{"start":{"line":23,"column":0},"end":{"line":23,"column":28}}},"fnMap":{"0":{"name":"(anonymous_0)","decl":{"start":{"line":2,"column":2},"end":{"line":2,"column":3}},"loc":{"start":{"line":2,"column":23},"end":{"line":8,"column":3}},"line":2},"1":{"name":"(anonymous_1)","decl":{"start":{"line":10,"column":2},"end":{"line":10,"column":3}},"loc":{"start":{"line":10,"column":47},"end":{"line":21,"column":3}},"line":10}},"branchMap":{"0":{"loc":{"start":{"line":11,"column":4},"end":{"line":13,"column":5}},"type":"if","locations":[{"start":{"line":11,"column":4},"end":{"line":13,"column":5}},{"start":{},"end":{}}],"line":11},"1":{"loc":{"start":{"line":11,"column":8},"end":{"line":11,"column":39}},"type":"binary-expr","locations":[{"start":{"line":11,"column":8},"end":{"line":11,"column":17}},{"start":{"line":11,"column":21},"end":{"line":11,"column":29}},{"start":{"line":11,"column":33},"end":{"line":11,"column":39}}],"line":11},"2":{"loc":{"start":{"line":14,"column":4},"end":{"line":20,"column":5}},"type":"if","locations":[{"start":{"line":14,"column":4},"end":{"line":20,"column":5}},{"start":{},"end":{}}],"line":14},"3":{"loc":{"start":{"line":15,"column":6},"end":{"line":17,"column":31}},"type":"binary-expr","locations":[{"start":{"line":15,"column":6},"end":{"line":15,"column":34}},{"start":{"line":16,"column":6},"end":{"line":16,"column":33}},{"start":{"line":17,"column":6},"end":{"line":17,"column":31}}],"line":15}},"s":{"0":9,"1":5,"2":5,"3":5,"4":5,"5":9,"6":2,"7":7,"8":2,"9":9},"f":{"0":9,"1":9},"b":{"0":[2,7],"1":[9,9,8],"2":[2,5],"3":[7,6,5]},"_coverageSchema":"1a1c01bbd47fc00a2c39e90264f33305004495a9","hash":"2a65bcfe24a6805f31910364411fed1297f81898"}
,"D:\\Berkas penting\\Course\\Dicoding\\Kelas_Expert Backend Javascript\\Source Code Project\\Forum-API-project\\src\\Domains\\comments\\entities\\AddedComment.js": {"path":"D:\\Berkas penting\\Course\\Dicoding\\Kelas_Expert Backend Javascript\\Source Code Project\\Forum-API-project\\src\\Domains\\comments\\entities\\AddedComment.js","statementMap":{"0":{"start":{"line":3,"column":4},"end":{"line":3,"column":33}},"1":{"start":{"line":4,"column":35},"end":{"line":4,"column":42}},"2":{"start":{"line":5,"column":4},"end":{"line":5,"column":17}},"3":{"start":{"line":6,"column":4},"end":{"line":6,"column":27}},"4":{"start":{"line":7,"column":4},"end":{"line":7,"column":23}},"5":{"start":{"line":11,"column":4},"end":{"line":13,"column":5}},"6":{"start":{"line":12,"column":6},"end":{"line":12,"column":67}},"7":{"start":{"line":14,"column":4},"end":{"line":20,"column":5}},"8":{"start":{"line":19,"column":6},"end":{"line":19,"column":72}},"9":{"start":{"line":24,"column":0},"end":{"line":24,"column":30}}},"fnMap":{"0":{"name":"(anonymous_0)","decl":{"start":{"line":2,"column":2},"end":{"line":2,"column":3}},"loc":{"start":{"line":2,"column":23},"end":{"line":8,"column":3}},"line":2},"1":{"name":"(anonymous_1)","decl":{"start":{"line":10,"column":2},"end":{"line":10,"column":3}},"loc":{"start":{"line":10,"column":41},"end":{"line":21,"column":3}},"line":10}},"branchMap":{"0":{"loc":{"start":{"line":11,"column":4},"end":{"line":13,"column":5}},"type":"if","locations":[{"start":{"line":11,"column":4},"end":{"line":13,"column":5}},{"start":{},"end":{}}],"line":11},"1":{"loc":{"start":{"line":11,"column":8},"end":{"line":11,"column":33}},"type":"binary-expr","locations":[{"start":{"line":11,"column":8},"end":{"line":11,"column":11}},{"start":{"line":11,"column":15},"end":{"line":11,"column":23}},{"start":{"line":11,"column":27},"end":{"line":11,"column":33}}],"line":11},"2":{"loc":{"start":{"line":14,"column":4},"end":{"line":20,"column":5}},"type":"if","locations":[{"start":{"line":14,"column":4},"end":{"line":20,"column":5}},{"start":{},"end":{}}],"line":14},"3":{"loc":{"start":{"line":15,"column":6},"end":{"line":17,"column":31}},"type":"binary-expr","locations":[{"start":{"line":15,"column":6},"end":{"line":15,"column":28}},{"start":{"line":16,"column":6},"end":{"line":16,"column":33}},{"start":{"line":17,"column":6},"end":{"line":17,"column":31}}],"line":15}},"s":{"0":8,"1":6,"2":6,"3":6,"4":6,"5":8,"6":1,"7":7,"8":1,"9":8},"f":{"0":8,"1":8},"b":{"0":[1,7],"1":[8,8,8],"2":[1,6],"3":[7,6,6]},"_coverageSchema":"1a1c01bbd47fc00a2c39e90264f33305004495a9","hash":"44ac74a5336fc9e9f6e6974cf2dfe4c9ef5ab0d3"}
,"D:\\Berkas penting\\Course\\Dicoding\\Kelas_Expert Backend Javascript\\Source Code Project\\Forum-API-project\\src\\Domains\\comments\\entities\\DeleteComment.js": {"path":"D:\\Berkas penting\\Course\\Dicoding\\Kelas_Expert Backend Javascript\\Source Code Project\\Forum-API-project\\src\\Domains\\comments\\entities\\DeleteComment.js","statementMap":{"0":{"start":{"line":3,"column":4},"end":{"line":3,"column":33}},"1":{"start":{"line":5,"column":43},"end":{"line":5,"column":50}},"2":{"start":{"line":7,"column":4},"end":{"line":7,"column":31}},"3":{"start":{"line":8,"column":4},"end":{"line":8,"column":29}},"4":{"start":{"line":9,"column":4},"end":{"line":9,"column":23}},"5":{"start":{"line":13,"column":4},"end":{"line":15,"column":5}},"6":{"start":{"line":14,"column":6},"end":{"line":14,"column":68}},"7":{"start":{"line":17,"column":4},"end":{"line":23,"column":5}},"8":{"start":{"line":22,"column":6},"end":{"line":22,"column":73}},"9":{"start":{"line":27,"column":0},"end":{"line":27,"column":31}}},"fnMap":{"0":{"name":"(anonymous_0)","decl":{"start":{"line":2,"column":2},"end":{"line":2,"column":3}},"loc":{"start":{"line":2,"column":23},"end":{"line":10,"column":3}},"line":2},"1":{"name":"(anonymous_1)","decl":{"start":{"line":12,"column":2},"end":{"line":12,"column":3}},"loc":{"start":{"line":12,"column":49},"end":{"line":24,"column":3}},"line":12}},"branchMap":{"0":{"loc":{"start":{"line":13,"column":4},"end":{"line":15,"column":5}},"type":"if","locations":[{"start":{"line":13,"column":4},"end":{"line":15,"column":5}},{"start":{},"end":{}}],"line":13},"1":{"loc":{"start":{"line":13,"column":8},"end":{"line":13,"column":41}},"type":"binary-expr","locations":[{"start":{"line":13,"column":8},"end":{"line":13,"column":18}},{"start":{"line":13,"column":22},"end":{"line":13,"column":31}},{"start":{"line":13,"column":35},"end":{"line":13,"column":41}}],"line":13},"2":{"loc":{"start":{"line":17,"column":4},"end":{"line":23,"column":5}},"type":"if","locations":[{"start":{"line":17,"column":4},"end":{"line":23,"column":5}},{"start":{},"end":{}}],"line":17},"3":{"loc":{"start":{"line":18,"column":6},"end":{"line":20,"column":31}},"type":"binary-expr","locations":[{"start":{"line":18,"column":6},"end":{"line":18,"column":35}},{"start":{"line":19,"column":6},"end":{"line":19,"column":34}},{"start":{"line":20,"column":6},"end":{"line":20,"column":31}}],"line":18}},"s":{"0":7,"1":5,"2":5,"3":5,"4":5,"5":7,"6":1,"7":6,"8":1,"9":8},"f":{"0":7,"1":7},"b":{"0":[1,6],"1":[7,7,7],"2":[1,5],"3":[6,5,5]},"_coverageSchema":"1a1c01bbd47fc00a2c39e90264f33305004495a9","hash":"6a728890565cc19966906d1e04d94f32a360917d"}
,"D:\\Berkas penting\\Course\\Dicoding\\Kelas_Expert Backend Javascript\\Source Code Project\\Forum-API-project\\src\\Domains\\likes\\CommentLikeRepository.js": {"path":"D:\\Berkas penting\\Course\\Dicoding\\Kelas_Expert Backend Javascript\\Source Code Project\\Forum-API-project\\src\\Domains\\likes\\CommentLikeRepository.js","statementMap":{"0":{"start":{"line":4,"column":4},"end":{"line":4,"column":70}},"1":{"start":{"line":8,"column":4},"end":{"line":8,"column":70}},"2":{"start":{"line":12,"column":4},"end":{"line":12,"column":70}},"3":{"start":{"line":16,"column":4},"end":{"line":16,"column":70}},"4":{"start":{"line":20,"column":0},"end":{"line":20,"column":39}}},"fnMap":{"0":{"name":"(anonymous_0)","decl":{"start":{"line":3,"column":2},"end":{"line":3,"column":3}},"loc":{"start":{"line":3,"column":22},"end":{"line":5,"column":3}},"line":3},"1":{"name":"(anonymous_1)","decl":{"start":{"line":7,"column":2},"end":{"line":7,"column":3}},"loc":{"start":{"line":7,"column":37},"end":{"line":9,"column":3}},"line":7},"2":{"name":"(anonymous_2)","decl":{"start":{"line":11,"column":2},"end":{"line":11,"column":3}},"loc":{"start":{"line":11,"column":25},"end":{"line":13,"column":3}},"line":11},"3":{"name":"(anonymous_3)","decl":{"start":{"line":15,"column":2},"end":{"line":15,"column":3}},"loc":{"start":{"line":15,"column":36},"end":{"line":17,"column":3}},"line":15}},"branchMap":{},"s":{"0":1,"1":1,"2":1,"3":1,"4":2},"f":{"0":1,"1":1,"2":1,"3":1},"b":{},"_coverageSchema":"1a1c01bbd47fc00a2c39e90264f33305004495a9","hash":"e598ce10b50ddc84b0ae53837ecae5579231cf5e"}
,"D:\\Berkas penting\\Course\\Dicoding\\Kelas_Expert Backend Javascript\\Source Code Project\\Forum-API-project\\src\\Domains\\likes\\entities\\Like.js": {"path":"D:\\Berkas penting\\Course\\Dicoding\\Kelas_Expert Backend Javascript\\Source Code Project\\Forum-API-project\\src\\Domains\\likes\\entities\\Like.js","statementMap":{"0":{"start":{"line":3,"column":4},"end":{"line":3,"column":33}},"1":{"start":{"line":5,"column":33},"end":{"line":5,"column":40}},"2":{"start":{"line":7,"column":4},"end":{"line":7,"column":31}},"3":{"start":{"line":8,"column":4},"end":{"line":8,"column":23}},"4":{"start":{"line":12,"column":4},"end":{"line":14,"column":5}},"5":{"start":{"line":13,"column":6},"end":{"line":13,"column":58}},"6":{"start":{"line":16,"column":4},"end":{"line":18,"column":5}},"7":{"start":{"line":17,"column":6},"end":{"line":17,"column":63}},"8":{"start":{"line":22,"column":0},"end":{"line":22,"column":22}}},"fnMap":{"0":{"name":"(anonymous_0)","decl":{"start":{"line":2,"column":2},"end":{"line":2,"column":3}},"loc":{"start":{"line":2,"column":23},"end":{"line":9,"column":3}},"line":2},"1":{"name":"(anonymous_1)","decl":{"start":{"line":11,"column":2},"end":{"line":11,"column":3}},"loc":{"start":{"line":11,"column":39},"end":{"line":19,"column":3}},"line":11}},"branchMap":{"0":{"loc":{"start":{"line":12,"column":4},"end":{"line":14,"column":5}},"type":"if","locations":[{"start":{"line":12,"column":4},"end":{"line":14,"column":5}},{"start":{},"end":{}}],"line":12},"1":{"loc":{"start":{"line":12,"column":8},"end":{"line":12,"column":28}},"type":"binary-expr","locations":[{"start":{"line":12,"column":8},"end":{"line":12,"column":18}},{"start":{"line":12,"column":22},"end":{"line":12,"column":28}}],"line":12},"2":{"loc":{"start":{"line":16,"column":4},"end":{"line":18,"column":5}},"type":"if","locations":[{"start":{"line":16,"column":4},"end":{"line":18,"column":5}},{"start":{},"end":{}}],"line":16},"3":{"loc":{"start":{"line":16,"column":8},"end":{"line":16,"column":66}},"type":"binary-expr","locations":[{"start":{"line":16,"column":8},"end":{"line":16,"column":37}},{"start":{"line":16,"column":41},"end":{"line":16,"column":66}}],"line":16}},"s":{"0":7,"1":5,"2":5,"3":5,"4":7,"5":1,"6":6,"7":1,"8":2},"f":{"0":7,"1":7},"b":{"0":[1,6],"1":[7,7],"2":[1,5],"3":[6,5]},"_coverageSchema":"1a1c01bbd47fc00a2c39e90264f33305004495a9","hash":"7a0f4af4963fdf6fff9ad9efb407316cb103e4bf"}
,"D:\\Berkas penting\\Course\\Dicoding\\Kelas_Expert Backend Javascript\\Source Code Project\\Forum-API-project\\src\\Domains\\replies\\ReplyRepository.js": {"path":"D:\\Berkas penting\\Course\\Dicoding\\Kelas_Expert Backend Javascript\\Source Code Project\\Forum-API-project\\src\\Domains\\replies\\ReplyRepository.js","statementMap":{"0":{"start":{"line":4,"column":4},"end":{"line":4,"column":63}},"1":{"start":{"line":8,"column":4},"end":{"line":8,"column":63}},"2":{"start":{"line":12,"column":4},"end":{"line":12,"column":63}},"3":{"start":{"line":16,"column":4},"end":{"line":16,"column":63}},"4":{"start":{"line":20,"column":4},"end":{"line":20,"column":63}},"5":{"start":{"line":24,"column":0},"end":{"line":24,"column":33}}},"fnMap":{"0":{"name":"(anonymous_0)","decl":{"start":{"line":3,"column":2},"end":{"line":3,"column":3}},"loc":{"start":{"line":3,"column":26},"end":{"line":5,"column":3}},"line":3},"1":{"name":"(anonymous_1)","decl":{"start":{"line":7,"column":2},"end":{"line":7,"column":3}},"loc":{"start":{"line":7,"column":42},"end":{"line":9,"column":3}},"line":7},"2":{"name":"(anonymous_2)","decl":{"start":{"line":11,"column":2},"end":{"line":11,"column":3}},"loc":{"start":{"line":11,"column":43},"end":{"line":13,"column":3}},"line":11},"3":{"name":"(anonymous_3)","decl":{"start":{"line":15,"column":2},"end":{"line":15,"column":3}},"loc":{"start":{"line":15,"column":39},"end":{"line":17,"column":3}},"line":15},"4":{"name":"(anonymous_4)","decl":{"start":{"line":19,"column":2},"end":{"line":19,"column":3}},"loc":{"start":{"line":19,"column":33},"end":{"line":21,"column":3}},"line":19}},"branchMap":{},"s":{"0":1,"1":1,"2":1,"3":1,"4":1,"5":10},"f":{"0":1,"1":1,"2":1,"3":1,"4":1},"b":{},"_coverageSchema":"1a1c01bbd47fc00a2c39e90264f33305004495a9","hash":"7e45189e00bf195738d699a4d741eb2875910e49"}
,"D:\\Berkas penting\\Course\\Dicoding\\Kelas_Expert Backend Javascript\\Source Code Project\\Forum-API-project\\src\\Domains\\replies\\entities\\AddReply.js": {"path":"D:\\Berkas penting\\Course\\Dicoding\\Kelas_Expert Backend Javascript\\Source Code Project\\Forum-API-project\\src\\Domains\\replies\\entities\\AddReply.js","statementMap":{"0":{"start":{"line":3,"column":4},"end":{"line":3,"column":33}},"1":{"start":{"line":5,"column":42},"end":{"line":5,"column":49}},"2":{"start":{"line":7,"column":4},"end":{"line":7,"column":31}},"3":{"start":{"line":8,"column":4},"end":{"line":8,"column":27}},"4":{"start":{"line":9,"column":4},"end":{"line":9,"column":23}},"5":{"start":{"line":13,"column":4},"end":{"line":15,"column":5}},"6":{"start":{"line":14,"column":6},"end":{"line":14,"column":63}},"7":{"start":{"line":17,"column":4},"end":{"line":23,"column":5}},"8":{"start":{"line":22,"column":6},"end":{"line":22,"column":68}},"9":{"start":{"line":27,"column":0},"end":{"line":27,"column":26}}},"fnMap":{"0":{"name":"(anonymous_0)","decl":{"start":{"line":2,"column":2},"end":{"line":2,"column":3}},"loc":{"start":{"line":2,"column":23},"end":{"line":10,"column":3}},"line":2},"1":{"name":"(anonymous_1)","decl":{"start":{"line":12,"column":2},"end":{"line":12,"column":3}},"loc":{"start":{"line":12,"column":48},"end":{"line":24,"column":3}},"line":12}},"branchMap":{"0":{"loc":{"start":{"line":13,"column":4},"end":{"line":15,"column":5}},"type":"if","locations":[{"start":{"line":13,"column":4},"end":{"line":15,"column":5}},{"start":{},"end":{}}],"line":13},"1":{"loc":{"start":{"line":13,"column":8},"end":{"line":13,"column":40}},"type":"binary-expr","locations":[{"start":{"line":13,"column":8},"end":{"line":13,"column":18}},{"start":{"line":13,"column":22},"end":{"line":13,"column":30}},{"start":{"line":13,"column":34},"end":{"line":13,"column":40}}],"line":13},"2":{"loc":{"start":{"line":17,"column":4},"end":{"line":23,"column":5}},"type":"if","locations":[{"start":{"line":17,"column":4},"end":{"line":23,"column":5}},{"start":{},"end":{}}],"line":17},"3":{"loc":{"start":{"line":18,"column":6},"end":{"line":20,"column":31}},"type":"binary-expr","locations":[{"start":{"line":18,"column":6},"end":{"line":18,"column":35}},{"start":{"line":19,"column":6},"end":{"line":19,"column":33}},{"start":{"line":20,"column":6},"end":{"line":20,"column":31}}],"line":18}},"s":{"0":9,"1":5,"2":5,"3":5,"4":5,"5":9,"6":2,"7":7,"8":2,"9":9},"f":{"0":9,"1":9},"b":{"0":[2,7],"1":[9,9,8],"2":[2,5],"3":[7,6,5]},"_coverageSchema":"1a1c01bbd47fc00a2c39e90264f33305004495a9","hash":"8db3463d2965be54039389ac597ef5cc81a596d3"}
,"D:\\Berkas penting\\Course\\Dicoding\\Kelas_Expert Backend Javascript\\Source Code Project\\Forum-API-project\\src\\Domains\\replies\\entities\\AddedReply.js": {"path":"D:\\Berkas penting\\Course\\Dicoding\\Kelas_Expert Backend Javascript\\Source Code Project\\Forum-API-project\\src\\Domains\\replies\\entities\\AddedReply.js","statementMap":{"0":{"start":{"line":3,"column":4},"end":{"line":3,"column":33}},"1":{"start":{"line":5,"column":35},"end":{"line":5,"column":42}},"2":{"start":{"line":7,"column":4},"end":{"line":7,"column":17}},"3":{"start":{"line":8,"column":4},"end":{"line":8,"column":27}},"4":{"start":{"line":9,"column":4},"end":{"line":9,"column":23}},"5":{"start":{"line":13,"column":4},"end":{"line":15,"column":5}},"6":{"start":{"line":14,"column":6},"end":{"line":14,"column":65}},"7":{"start":{"line":17,"column":4},"end":{"line":23,"column":5}},"8":{"start":{"line":22,"column":6},"end":{"line":22,"column":70}},"9":{"start":{"line":27,"column":0},"end":{"line":27,"column":28}}},"fnMap":{"0":{"name":"(anonymous_0)","decl":{"start":{"line":2,"column":2},"end":{"line":2,"column":3}},"loc":{"start":{"line":2,"column":23},"end":{"line":10,"column":3}},"line":2},"1":{"name":"(anonymous_1)","decl":{"start":{"line":12,"column":2},"end":{"line":12,"column":3}},"loc":{"start":{"line":12,"column":41},"end":{"line":24,"column":3}},"line":12}},"branchMap":{"0":{"loc":{"start":{"line":13,"column":4},"end":{"line":15,"column":5}},"type":"if","locations":[{"start":{"line":13,"column":4},"end":{"line":15,"column":5}},{"start":{},"end":{}}],"line":13},"1":{"loc":{"start":{"line":13,"column":8},"end":{"line":13,"column":33}},"type":"binary-expr","locations":[{"start":{"line":13,"column":8},"end":{"line":13,"column":11}},{"start":{"line":13,"column":15},"end":{"line":13,"column":23}},{"start":{"line":13,"column":27},"end":{"line":13,"column":33}}],"line":13},"2":{"loc":{"start":{"line":17,"column":4},"end":{"line":23,"column":5}},"type":"if","locations":[{"start":{"line":17,"column":4},"end":{"line":23,"column":5}},{"start":{},"end":{}}],"line":17},"3":{"loc":{"start":{"line":18,"column":6},"end":{"line":20,"column":31}},"type":"binary-expr","locations":[{"start":{"line":18,"column":6},"end":{"line":18,"column":28}},{"start":{"line":19,"column":6},"end":{"line":19,"column":33}},{"start":{"line":20,"column":6},"end":{"line":20,"column":31}}],"line":18}},"s":{"0":8,"1":6,"2":6,"3":6,"4":6,"5":8,"6":1,"7":7,"8":1,"9":8},"f":{"0":8,"1":8},"b":{"0":[1,7],"1":[8,8,8],"2":[1,6],"3":[7,6,6]},"_coverageSchema":"1a1c01bbd47fc00a2c39e90264f33305004495a9","hash":"da92136972ee02d02a20668dd9f8b537d6adbce7"}
,"D:\\Berkas penting\\Course\\Dicoding\\Kelas_Expert Backend Javascript\\Source Code Project\\Forum-API-project\\src\\Domains\\replies\\entities\\DeleteReply.js": {"path":"D:\\Berkas penting\\Course\\Dicoding\\Kelas_Expert Backend Javascript\\Source Code Project\\Forum-API-project\\src\\Domains\\replies\\entities\\DeleteReply.js","statementMap":{"0":{"start":{"line":3,"column":4},"end":{"line":3,"column":33}},"1":{"start":{"line":5,"column":52},"end":{"line":5,"column":59}},"2":{"start":{"line":7,"column":4},"end":{"line":7,"column":27}},"3":{"start":{"line":8,"column":4},"end":{"line":8,"column":31}},"4":{"start":{"line":9,"column":4},"end":{"line":9,"column":29}},"5":{"start":{"line":10,"column":4},"end":{"line":10,"column":23}},"6":{"start":{"line":14,"column":4},"end":{"line":16,"column":5}},"7":{"start":{"line":15,"column":6},"end":{"line":15,"column":66}},"8":{"start":{"line":18,"column":4},"end":{"line":25,"column":5}},"9":{"start":{"line":24,"column":6},"end":{"line":24,"column":71}},"10":{"start":{"line":29,"column":0},"end":{"line":29,"column":29}}},"fnMap":{"0":{"name":"(anonymous_0)","decl":{"start":{"line":2,"column":2},"end":{"line":2,"column":3}},"loc":{"start":{"line":2,"column":23},"end":{"line":11,"column":3}},"line":2},"1":{"name":"(anonymous_1)","decl":{"start":{"line":13,"column":2},"end":{"line":13,"column":3}},"loc":{"start":{"line":13,"column":58},"end":{"line":26,"column":3}},"line":13}},"branchMap":{"0":{"loc":{"start":{"line":14,"column":4},"end":{"line":16,"column":5}},"type":"if","locations":[{"start":{"line":14,"column":4},"end":{"line":16,"column":5}},{"start":{},"end":{}}],"line":14},"1":{"loc":{"start":{"line":14,"column":8},"end":{"line":14,"column":53}},"type":"binary-expr","locations":[{"start":{"line":14,"column":8},"end":{"line":14,"column":16}},{"start":{"line":14,"column":20},"end":{"line":14,"column":30}},{"start":{"line":14,"column":34},"end":{"line":14,"column":43}},{"start":{"line":14,"column":47},"end":{"line":14,"column":53}}],"line":14},"2":{"loc":{"start":{"line":18,"column":4},"end":{"line":25,"column":5}},"type":"if","locations":[{"start":{"line":18,"column":4},"end":{"line":25,"column":5}},{"start":{},"end":{}}],"line":18},"3":{"loc":{"start":{"line":19,"column":6},"end":{"line":22,"column":31}},"type":"binary-expr","locations":[{"start":{"line":19,"column":6},"end":{"line":19,"column":33}},{"start":{"line":20,"column":6},"end":{"line":20,"column":35}},{"start":{"line":21,"column":6},"end":{"line":21,"column":34}},{"start":{"line":22,"column":6},"end":{"line":22,"column":31}}],"line":19}},"s":{"0":7,"1":5,"2":5,"3":5,"4":5,"5":5,"6":7,"7":1,"8":6,"9":1,"10":8},"f":{"0":7,"1":7},"b":{"0":[1,6],"1":[7,7,7,6],"2":[1,5],"3":[6,5,5,5]},"_coverageSchema":"1a1c01bbd47fc00a2c39e90264f33305004495a9","hash":"85892f857e2a0654675997e2e5c3f17f4da5b270"}
,"D:\\Berkas penting\\Course\\Dicoding\\Kelas_Expert Backend Javascript\\Source Code Project\\Forum-API-project\\src\\Domains\\threads\\ThreadRepository.js": {"path":"D:\\Berkas penting\\Course\\Dicoding\\Kelas_Expert Backend Javascript\\Source Code Project\\Forum-API-project\\src\\Domains\\threads\\ThreadRepository.js","statementMap":{"0":{"start":{"line":4,"column":4},"end":{"line":4,"column":64}},"1":{"start":{"line":8,"column":4},"end":{"line":8,"column":64}},"2":{"start":{"line":12,"column":4},"end":{"line":12,"column":64}},"3":{"start":{"line":16,"column":0},"end":{"line":16,"column":34}}},"fnMap":{"0":{"name":"(anonymous_0)","decl":{"start":{"line":3,"column":2},"end":{"line":3,"column":3}},"loc":{"start":{"line":3,"column":27},"end":{"line":5,"column":3}},"line":3},"1":{"name":"(anonymous_1)","decl":{"start":{"line":7,"column":2},"end":{"line":7,"column":3}},"loc":{"start":{"line":7,"column":44},"end":{"line":9,"column":3}},"line":7},"2":{"name":"(anonymous_2)","decl":{"start":{"line":11,"column":2},"end":{"line":11,"column":3}},"loc":{"start":{"line":11,"column":32},"end":{"line":13,"column":3}},"line":11}},"branchMap":{},"s":{"0":1,"1":1,"2":1,"3":14},"f":{"0":1,"1":1,"2":1},"b":{},"_coverageSchema":"1a1c01bbd47fc00a2c39e90264f33305004495a9","hash":"af96af534dcf74575409886bcbe8b650a36e3ac5"}
,"D:\\Berkas penting\\Course\\Dicoding\\Kelas_Expert Backend Javascript\\Source Code Project\\Forum-API-project\\src\\Domains\\threads\\entities\\AddThread.js": {"path":"D:\\Berkas penting\\Course\\Dicoding\\Kelas_Expert Backend Javascript\\Source Code Project\\Forum-API-project\\src\\Domains\\threads\\entities\\AddThread.js","statementMap":{"0":{"start":{"line":3,"column":4},"end":{"line":3,"column":33}},"1":{"start":{"line":5,"column":35},"end":{"line":5,"column":42}},"2":{"start":{"line":7,"column":4},"end":{"line":7,"column":23}},"3":{"start":{"line":8,"column":4},"end":{"line":8,"column":21}},"4":{"start":{"line":9,"column":4},"end":{"line":9,"column":23}},"5":{"start":{"line":13,"column":4},"end":{"line":15,"column":5}},"6":{"start":{"line":14,"column":6},"end":{"line":14,"column":64}},"7":{"start":{"line":17,"column":4},"end":{"line":23,"column":5}},"8":{"start":{"line":22,"column":6},"end":{"line":22,"column":69}},"9":{"start":{"line":25,"column":4},"end":{"line":27,"column":5}},"10":{"start":{"line":26,"column":6},"end":{"line":26,"column":53}},"11":{"start":{"line":31,"column":0},"end":{"line":31,"column":27}}},"fnMap":{"0":{"name":"(anonymous_0)","decl":{"start":{"line":2,"column":2},"end":{"line":2,"column":3}},"loc":{"start":{"line":2,"column":23},"end":{"line":10,"column":3}},"line":2},"1":{"name":"(anonymous_1)","decl":{"start":{"line":12,"column":2},"end":{"line":12,"column":3}},"loc":{"start":{"line":12,"column":41},"end":{"line":28,"column":3}},"line":12}},"branchMap":{"0":{"loc":{"start":{"line":13,"column":4},"end":{"line":15,"column":5}},"type":"if","locations":[{"start":{"line":13,"column":4},"end":{"line":15,"column":5}},{"start":{},"end":{}}],"line":13},"1":{"loc":{"start":{"line":13,"column":8},"end":{"line":13,"column":33}},"type":"binary-expr","locations":[{"start":{"line":13,"column":8},"end":{"line":13,"column":14}},{"start":{"line":13,"column":18},"end":{"line":13,"column":23}},{"start":{"line":13,"column":27},"end":{"line":13,"column":33}}],"line":13},"2":{"loc":{"start":{"line":17,"column":4},"end":{"line":23,"column":5}},"type":"if","locations":[{"start":{"line":17,"column":4},"end":{"line":23,"column":5}},{"start":{},"end":{}}],"line":17},"3":{"loc":{"start":{"line":18,"column":6},"end":{"line":20,"column":31}},"type":"binary-expr","locations":[{"start":{"line":18,"column":6},"end":{"line":18,"column":31}},{"start":{"line":19,"column":6},"end":{"line":19,"column":30}},{"start":{"line":20,"column":6},"end":{"line":20,"column":31}}],"line":18},"4":{"loc":{"start":{"line":25,"column":4},"end":{"line":27,"column":5}},"type":"if","locations":[{"start":{"line":25,"column":4},"end":{"line":27,"column":5}},{"start":{},"end":{}}],"line":25}},"s":{"0":10,"1":5,"2":5,"3":5,"4":5,"5":10,"6":2,"7":8,"8":2,"9":6,"10":1,"11":9},"f":{"0":10,"1":10},"b":{"0":[2,8],"1":[10,10,9],"2":[2,6],"3":[8,6,6],"4":[1,5]},"_coverageSchema":"1a1c01bbd47fc00a2c39e90264f33305004495a9","hash":"b12c0b6ec2577225f2e0108a1a168820c3f6973e"}
,"D:\\Berkas penting\\Course\\Dicoding\\Kelas_Expert Backend Javascript\\Source Code Project\\Forum-API-project\\src\\Domains\\threads\\entities\\AddedThread.js": {"path":"D:\\Berkas penting\\Course\\Dicoding\\Kelas_Expert Backend Javascript\\Source Code Project\\Forum-API-project\\src\\Domains\\threads\\entities\\AddedThread.js","statementMap":{"0":{"start":{"line":3,"column":4},"end":{"line":3,"column":33}},"1":{"start":{"line":4,"column":33},"end":{"line":4,"column":40}},"2":{"start":{"line":6,"column":4},"end":{"line":6,"column":17}},"3":{"start":{"line":7,"column":4},"end":{"line":7,"column":23}},"4":{"start":{"line":8,"column":4},"end":{"line":8,"column":23}},"5":{"start":{"line":12,"column":4},"end":{"line":14,"column":5}},"6":{"start":{"line":13,"column":6},"end":{"line":13,"column":66}},"7":{"start":{"line":16,"column":4},"end":{"line":22,"column":5}},"8":{"start":{"line":21,"column":6},"end":{"line":21,"column":71}},"9":{"start":{"line":25,"column":0},"end":{"line":25,"column":29}}},"fnMap":{"0":{"name":"(anonymous_0)","decl":{"start":{"line":2,"column":2},"end":{"line":2,"column":3}},"loc":{"start":{"line":2,"column":23},"end":{"line":9,"column":3}},"line":2},"1":{"name":"(anonymous_1)","decl":{"start":{"line":11,"column":2},"end":{"line":11,"column":3}},"loc":{"start":{"line":11,"column":39},"end":{"line":23,"column":3}},"line":11}},"branchMap":{"0":{"loc":{"start":{"line":12,"column":4},"end":{"line":14,"column":5}},"type":"if","locations":[{"start":{"line":12,"column":4},"end":{"line":14,"column":5}},{"start":{},"end":{}}],"line":12},"1":{"loc":{"start":{"line":12,"column":8},"end":{"line":12,"column":31}},"type":"binary-expr","locations":[{"start":{"line":12,"column":8},"end":{"line":12,"column":11}},{"start":{"line":12,"column":15},"end":{"line":12,"column":21}},{"start":{"line":12,"column":25},"end":{"line":12,"column":31}}],"line":12},"2":{"loc":{"start":{"line":16,"column":4},"end":{"line":22,"column":5}},"type":"if","locations":[{"start":{"line":16,"column":4},"end":{"line":22,"column":5}},{"start":{},"end":{}}],"line":16},"3":{"loc":{"start":{"line":17,"column":6},"end":{"line":19,"column":31}},"type":"binary-expr","locations":[{"start":{"line":17,"column":6},"end":{"line":17,"column":28}},{"start":{"line":18,"column":6},"end":{"line":18,"column":31}},{"start":{"line":19,"column":6},"end":{"line":19,"column":31}}],"line":17}},"s":{"0":8,"1":6,"2":6,"3":6,"4":6,"5":8,"6":1,"7":7,"8":1,"9":8},"f":{"0":8,"1":8},"b":{"0":[1,7],"1":[8,8,8],"2":[1,6],"3":[7,6,6]},"_coverageSchema":"1a1c01bbd47fc00a2c39e90264f33305004495a9","hash":"952168ebf2e79aced5a64c84176b4b1a49bee25b"}
,"D:\\Berkas penting\\Course\\Dicoding\\Kelas_Expert Backend Javascript\\Source Code Project\\Forum-API-project\\src\\Domains\\users\\UserRepository.js": {"path":"D:\\Berkas penting\\Course\\Dicoding\\Kelas_Expert Backend Javascript\\Source Code Project\\Forum-API-project\\src\\Domains\\users\\UserRepository.js","statementMap":{"0":{"start":{"line":3,"column":4},"end":{"line":3,"column":62}},"1":{"start":{"line":7,"column":4},"end":{"line":7,"column":62}},"2":{"start":{"line":11,"column":4},"end":{"line":11,"column":62}},"3":{"start":{"line":15,"column":4},"end":{"line":15,"column":62}},"4":{"start":{"line":19,"column":0},"end":{"line":19,"column":32}}},"fnMap":{"0":{"name":"(anonymous_0)","decl":{"start":{"line":2,"column":2},"end":{"line":2,"column":3}},"loc":{"start":{"line":2,"column":30},"end":{"line":4,"column":3}},"line":2},"1":{"name":"(anonymous_1)","decl":{"start":{"line":6,"column":2},"end":{"line":6,"column":3}},"loc":{"start":{"line":6,"column":42},"end":{"line":8,"column":3}},"line":6},"2":{"name":"(anonymous_2)","decl":{"start":{"line":10,"column":2},"end":{"line":10,"column":3}},"loc":{"start":{"line":10,"column":40},"end":{"line":12,"column":3}},"line":10},"3":{"name":"(anonymous_3)","decl":{"start":{"line":14,"column":2},"end":{"line":14,"column":3}},"loc":{"start":{"line":14,"column":34},"end":{"line":16,"column":3}},"line":14}},"branchMap":{},"s":{"0":1,"1":1,"2":1,"3":1,"4":9},"f":{"0":1,"1":1,"2":1,"3":1},"b":{},"_coverageSchema":"1a1c01bbd47fc00a2c39e90264f33305004495a9","hash":"3222d76745be55dc8e5a8981e61263eaf16ab26f"}
,"D:\\Berkas penting\\Course\\Dicoding\\Kelas_Expert Backend Javascript\\Source Code Project\\Forum-API-project\\src\\Domains\\users\\entities\\RegisterUser.js": {"path":"D:\\Berkas penting\\Course\\Dicoding\\Kelas_Expert Backend Javascript\\Source Code Project\\Forum-API-project\\src\\Domains\\users\\entities\\RegisterUser.js","statementMap":{"0":{"start":{"line":3,"column":4},"end":{"line":3,"column":33}},"1":{"start":{"line":5,"column":45},"end":{"line":5,"column":52}},"2":{"start":{"line":7,"column":4},"end":{"line":7,"column":29}},"3":{"start":{"line":8,"column":4},"end":{"line":8,"column":29}},"4":{"start":{"line":9,"column":4},"end":{"line":9,"column":29}},"5":{"start":{"line":13,"column":4},"end":{"line":15,"column":5}},"6":{"start":{"line":14,"column":6},"end":{"line":14,"column":67}},"7":{"start":{"line":17,"column":4},"end":{"line":19,"column":5}},"8":{"start":{"line":18,"column":6},"end":{"line":18,"column":72}},"9":{"start":{"line":21,"column":4},"end":{"line":23,"column":5}},"10":{"start":{"line":22,"column":6},"end":{"line":22,"column":59}},"11":{"start":{"line":25,"column":4},"end":{"line":27,"column":5}},"12":{"start":{"line":26,"column":6},"end":{"line":26,"column":77}},"13":{"start":{"line":31,"column":0},"end":{"line":31,"column":30}}},"fnMap":{"0":{"name":"(anonymous_0)","decl":{"start":{"line":2,"column":2},"end":{"line":2,"column":3}},"loc":{"start":{"line":2,"column":23},"end":{"line":10,"column":3}},"line":2},"1":{"name":"(anonymous_1)","decl":{"start":{"line":12,"column":2},"end":{"line":12,"column":3}},"loc":{"start":{"line":12,"column":51},"end":{"line":28,"column":3}},"line":12}},"branchMap":{"0":{"loc":{"start":{"line":13,"column":4},"end":{"line":15,"column":5}},"type":"if","locations":[{"start":{"line":13,"column":4},"end":{"line":15,"column":5}},{"start":{},"end":{}}],"line":13},"1":{"loc":{"start":{"line":13,"column":8},"end":{"line":13,"column":43}},"type":"binary-expr","locations":[{"start":{"line":13,"column":8},"end":{"line":13,"column":17}},{"start":{"line":13,"column":21},"end":{"line":13,"column":30}},{"start":{"line":13,"column":34},"end":{"line":13,"column":43}}],"line":13},"2":{"loc":{"start":{"line":17,"column":4},"end":{"line":19,"column":5}},"type":"if","locations":[{"start":{"line":17,"column":4},"end":{"line":19,"column":5}},{"start":{},"end":{}}],"line":17},"3":{"loc":{"start":{"line":17,"column":8},"end":{"line":17,"column":100}},"type":"binary-expr","locations":[{"start":{"line":17,"column":8},"end":{"line":17,"column":36}},{"start":{"line":17,"column":40},"end":{"line":17,"column":68}},{"start":{"line":17,"column":72},"end":{"line":17,"column":100}}],"line":17},"4":{"loc":{"start":{"line":21,"column":4},"end":{"line":23,"column":5}},"type":"if","locations":[{"start":{"line":21,"column":4},"end":{"line":23,"column":5}},{"start":{},"end":{}}],"line":21},"5":{"loc":{"start":{"line":25,"column":4},"end":{"line":27,"column":5}},"type":"if","locations":[{"start":{"line":25,"column":4},"end":{"line":27,"column":5}},{"start":{},"end":{}}],"line":25}},"s":{"0":33,"1":25,"2":25,"3":25,"4":25,"5":33,"6":2,"7":31,"8":2,"9":29,"10":2,"11":27,"12":2,"13":9},"f":{"0":33,"1":33},"b":{"0":[2,31],"1":[33,32,32],"2":[2,29],"3":[31,30,30],"4":[2,27],"5":[2,25]},"_coverageSchema":"1a1c01bbd47fc00a2c39e90264f33305004495a9","hash":"856246646ce8759f8ea35d0f9a15225b86b005b8"}
,"D:\\Berkas penting\\Course\\Dicoding\\Kelas_Expert Backend Javascript\\Source Code Project\\Forum-API-project\\src\\Domains\\users\\entities\\RegisteredUser.js": {"path":"D:\\Berkas penting\\Course\\Dicoding\\Kelas_Expert Backend Javascript\\Source Code Project\\Forum-API-project\\src\\Domains\\users\\entities\\RegisteredUser.js","statementMap":{"0":{"start":{"line":3,"column":4},"end":{"line":3,"column":33}},"1":{"start":{"line":5,"column":39},"end":{"line":5,"column":46}},"2":{"start":{"line":7,"column":4},"end":{"line":7,"column":17}},"3":{"start":{"line":8,"column":4},"end":{"line":8,"column":29}},"4":{"start":{"line":9,"column":4},"end":{"line":9,"column":29}},"5":{"start":{"line":13,"column":4},"end":{"line":15,"column":5}},"6":{"start":{"line":14,"column":6},"end":{"line":14,"column":69}},"7":{"start":{"line":17,"column":4},"end":{"line":19,"column":5}},"8":{"start":{"line":18,"column":6},"end":{"line":18,"column":74}},"9":{"start":{"line":23,"column":0},"end":{"line":23,"column":32}}},"fnMap":{"0":{"name":"(anonymous_0)","decl":{"start":{"line":2,"column":2},"end":{"line":2,"column":3}},"loc":{"start":{"line":2,"column":23},"end":{"line":10,"column":3}},"line":2},"1":{"name":"(anonymous_1)","decl":{"start":{"line":12,"column":2},"end":{"line":12,"column":3}},"loc":{"start":{"line":12,"column":45},"end":{"line":20,"column":3}},"line":12}},"branchMap":{"0":{"loc":{"start":{"line":13,"column":4},"end":{"line":15,"column":5}},"type":"if","locations":[{"start":{"line":13,"column":4},"end":{"line":15,"column":5}},{"start":{},"end":{}}],"line":13},"1":{"loc":{"start":{"line":13,"column":8},"end":{"line":13,"column":37}},"type":"binary-expr","locations":[{"start":{"line":13,"column":8},"end":{"line":13,"column":11}},{"start":{"line":13,"column":15},"end":{"line":13,"column":24}},{"start":{"line":13,"column":28},"end":{"line":13,"column":37}}],"line":13},"2":{"loc":{"start":{"line":17,"column":4},"end":{"line":19,"column":5}},"type":"if","locations":[{"start":{"line":17,"column":4},"end":{"line":19,"column":5}},{"start":{},"end":{}}],"line":17},"3":{"loc":{"start":{"line":17,"column":8},"end":{"line":17,"column":94}},"type":"binary-expr","locations":[{"start":{"line":17,"column":8},"end":{"line":17,"column":30}},{"start":{"line":17,"column":34},"end":{"line":17,"column":62}},{"start":{"line":17,"column":66},"end":{"line":17,"column":94}}],"line":17}},"s":{"0":27,"1":25,"2":25,"3":25,"4":25,"5":27,"6":1,"7":26,"8":1,"9":8},"f":{"0":27,"1":27},"b":{"0":[1,26],"1":[27,26,26],"2":[1,25],"3":[26,25,25]},"_coverageSchema":"1a1c01bbd47fc00a2c39e90264f33305004495a9","hash":"2c87c14c2426e079d8843ca7a7956f92da46f046"}
,"D:\\Berkas penting\\Course\\Dicoding\\Kelas_Expert Backend Javascript\\Source Code Project\\Forum-API-project\\src\\Domains\\users\\entities\\UserLogin.js": {"path":"D:\\Berkas penting\\Course\\Dicoding\\Kelas_Expert Backend Javascript\\Source Code Project\\Forum-API-project\\src\\Domains\\users\\entities\\UserLogin.js","statementMap":{"0":{"start":{"line":3,"column":4},"end":{"line":3,"column":33}},"1":{"start":{"line":5,"column":4},"end":{"line":5,"column":37}},"2":{"start":{"line":6,"column":4},"end":{"line":6,"column":37}},"3":{"start":{"line":10,"column":35},"end":{"line":10,"column":42}},"4":{"start":{"line":12,"column":4},"end":{"line":14,"column":5}},"5":{"start":{"line":13,"column":6},"end":{"line":13,"column":64}},"6":{"start":{"line":16,"column":4},"end":{"line":18,"column":5}},"7":{"start":{"line":17,"column":6},"end":{"line":17,"column":69}},"8":{"start":{"line":22,"column":0},"end":{"line":22,"column":27}}},"fnMap":{"0":{"name":"(anonymous_0)","decl":{"start":{"line":2,"column":2},"end":{"line":2,"column":3}},"loc":{"start":{"line":2,"column":23},"end":{"line":7,"column":3}},"line":2},"1":{"name":"(anonymous_1)","decl":{"start":{"line":9,"column":2},"end":{"line":9,"column":3}},"loc":{"start":{"line":9,"column":26},"end":{"line":19,"column":3}},"line":9}},"branchMap":{"0":{"loc":{"start":{"line":12,"column":4},"end":{"line":14,"column":5}},"type":"if","locations":[{"start":{"line":12,"column":4},"end":{"line":14,"column":5}},{"start":{},"end":{}}],"line":12},"1":{"loc":{"start":{"line":12,"column":8},"end":{"line":12,"column":30}},"type":"binary-expr","locations":[{"start":{"line":12,"column":8},"end":{"line":12,"column":17}},{"start":{"line":12,"column":21},"end":{"line":12,"column":30}}],"line":12},"2":{"loc":{"start":{"line":16,"column":4},"end":{"line":18,"column":5}},"type":"if","locations":[{"start":{"line":16,"column":4},"end":{"line":18,"column":5}},{"start":{},"end":{}}],"line":16},"3":{"loc":{"start":{"line":16,"column":8},"end":{"line":16,"column":68}},"type":"binary-expr","locations":[{"start":{"line":16,"column":8},"end":{"line":16,"column":36}},{"start":{"line":16,"column":40},"end":{"line":16,"column":68}}],"line":16}},"s":{"0":25,"1":21,"2":21,"3":25,"4":25,"5":2,"6":23,"7":2,"8":8},"f":{"0":25,"1":25},"b":{"0":[2,23],"1":[25,25],"2":[2,21],"3":[23,22]},"_coverageSchema":"1a1c01bbd47fc00a2c39e90264f33305004495a9","hash":"e3251b310da5ccb0746f83117b82c55dfd3a2570"}
[...]
,"D:\\Berkas penting\\Course\\Dicoding\\Kelas_Expert Backend Javascript\\Source Code Project\\Forum-API-project\\src\\Interfaces\\http\\api\\authentications\\handler.js": {"path":"D:\\Berkas penting\\Course\\Dicoding\\Kelas_Expert Backend Javascript\\Source Code Project\\Forum-API-project\\src\\Interfaces\\http\\api\\authentications\\handler.js","statementMap":{"0":{"start":{"line":1,"column":25},"end":{"line":1,"column":86}},"1":{"start":{"line":2,"column":37},"end":{"line":2,"column":110}},"2":{"start":{"line":3,"column":26},"end":{"line":3,"column":88}},"3":{"start":{"line":7,"column":4},"end":{"line":7,"column":32}},"4":{"start":{"line":9,"column":4},"end":{"line":9,"column":79}},"5":{"start":{"line":10,"column":4},"end":{"line":10,"column":77}},"6":{"start":{"line":11,"column":4},"end":{"line":12,"column":50}},"7":{"start":{"line":16,"column":42},"end":{"line":18,"column":31}},"8":{"start":{"line":20,"column":4},"end":{"line":28,"column":17}},"9":{"start":{"line":32,"column":24},"end":{"line":34,"column":31}},"10":{"start":{"line":36,"column":4},"end":{"line":41,"column":6}},"11":{"start":{"line":45,"column":4},"end":{"line":47,"column":32}},"12":{"start":{"line":49,"column":4},"end":{"line":51,"column":6}},"13":{"start":{"line":55,"column":0},"end":{"line":55,"column":40}}},"fnMap":{"0":{"name":"(anonymous_0)","decl":{"start":{"line":6,"column":2},"end":{"line":6,"column":3}},"loc":{"start":{"line":6,"column":25},"end":{"line":13,"column":3}},"line":6},"1":{"name":"(anonymous_1)","decl":{"start":{"line":15,"column":2},"end":{"line":15,"column":3}},"loc":{"start":{"line":15,"column":46},"end":{"line":29,"column":3}},"line":15},"2":{"name":"(anonymous_2)","decl":{"start":{"line":31,"column":2},"end":{"line":31,"column":3}},"loc":{"start":{"line":31,"column":42},"end":{"line":42,"column":3}},"line":31},"3":{"name":"(anonymous_3)","decl":{"start":{"line":44,"column":2},"end":{"line":44,"column":3}},"loc":{"start":{"line":44,"column":45},"end":{"line":52,"column":3}},"line":44}},"branchMap":{},"s":{"0":6,"1":6,"2":6,"3":44,"4":44,"5":44,"6":44,"7":21,"8":17,"9":5,"10":1,"11":4,"12":1,"13":6},"f":{"0":44,"1":21,"2":5,"3":4},"b":{},"_coverageSchema":"1a1c01bbd47fc00a2c39e90264f33305004495a9","hash":"e8e054547eeea368c4f946d27255551cd9141729"}
,"D:\\Berkas penting\\Course\\Dicoding\\Kelas_Expert Backend Javascript\\Source Code Project\\Forum-API-project\\src\\Interfaces\\http\\api\\authentications\\index.js": {"path":"D:\\Berkas penting\\Course\\Dicoding\\Kelas_Expert Backend Javascript\\Source Code Project\\Forum-API-project\\src\\Interfaces\\http\\api\\authentications\\index.js","statementMap":{"0":{"start":{"line":1,"column":15},"end":{"line":1,"column":34}},"1":{"start":{"line":2,"column":31},"end":{"line":2,"column":51}},"2":{"start":{"line":4,"column":0},"end":{"line":10,"column":2}},"3":{"start":{"line":7,"column":35},"end":{"line":7,"column":72}},"4":{"start":{"line":8,"column":4},"end":{"line":8,"column":49}}},"fnMap":{"0":{"name":"(anonymous_0)","decl":{"start":{"line":6,"column":12},"end":{"line":6,"column":13}},"loc":{"start":{"line":6,"column":45},"end":{"line":9,"column":3}},"line":6}},"branchMap":{},"s":{"0":6,"1":6,"2":6,"3":44,"4":44},"f":{"0":44},"b":{},"_coverageSchema":"1a1c01bbd47fc00a2c39e90264f33305004495a9","hash":"b1c4e525f44c74983f548760945d8ed875ca21fd"}
,"D:\\Berkas penting\\Course\\Dicoding\\Kelas_Expert Backend Javascript\\Source Code Project\\Forum-API-project\\src\\Interfaces\\http\\api\\authentications\\routes.js": {"path":"D:\\Berkas penting\\Course\\Dicoding\\Kelas_Expert Backend Javascript\\Source Code Project\\Forum-API-project\\src\\Interfaces\\http\\api\\authentications\\routes.js","statementMap":{"0":{"start":{"line":1,"column":15},"end":{"line":17,"column":2}},"1":{"start":{"line":1,"column":29},"end":{"line":17,"column":1}},"2":{"start":{"line":19,"column":0},"end":{"line":19,"column":24}}},"fnMap":{"0":{"name":"(anonymous_0)","decl":{"start":{"line":1,"column":15},"end":{"line":1,"column":16}},"loc":{"start":{"line":1,"column":29},"end":{"line":17,"column":1}},"line":1}},"branchMap":{},"s":{"0":6,"1":44,"2":6},"f":{"0":44},"b":{},"_coverageSchema":"1a1c01bbd47fc00a2c39e90264f33305004495a9","hash":"d2c70ac688e1501562544f41c6f07a851c1e799e"}
,"D:\\Berkas penting\\Course\\Dicoding\\Kelas_Expert Backend Javascript\\Source Code Project\\Forum-API-project\\src\\Interfaces\\http\\api\\comments\\handler.js": {"path":"D:\\Berkas penting\\Course\\Dicoding\\Kelas_Expert Backend Javascript\\Source Code Project\\Forum-API-project\\src\\Interfaces\\http\\api\\comments\\handler.js","statementMap":{"0":{"start":{"line":1,"column":26},"end":{"line":1,"column":88}},"1":{"start":{"line":2,"column":29},"end":{"line":2,"column":94}},"2":{"start":{"line":6,"column":4},"end":{"line":6,"column":32}},"3":{"start":{"line":8,"column":4},"end":{"line":8,"column":65}},"4":{"start":{"line":9,"column":4},"end":{"line":9,"column":69}},"5":{"start":{"line":13,"column":26},"end":{"line":13,"column":50}},"6":{"start":{"line":14,"column":24},"end":{"line":14,"column":39}},"7":{"start":{"line":15,"column":25},"end":{"line":15,"column":39}},"8":{"start":{"line":17,"column":25},"end":{"line":23,"column":8}},"9":{"start":{"line":25,"column":4},"end":{"line":32,"column":17}},"10":{"start":{"line":36,"column":26},"end":{"line":36,"column":50}},"11":{"start":{"line":37,"column":36},"end":{"line":37,"column":50}},"12":{"start":{"line":39,"column":4},"end":{"line":43,"column":7}},"13":{"start":{"line":45,"column":4},"end":{"line":49,"column":17}},"14":{"start":{"line":53,"column":0},"end":{"line":53,"column":33}}},"fnMap":{"0":{"name":"(anonymous_0)","decl":{"start":{"line":5,"column":2},"end":{"line":5,"column":3}},"loc":{"start":{"line":5,"column":25},"end":{"line":10,"column":3}},"line":5},"1":{"name":"(anonymous_1)","decl":{"start":{"line":12,"column":2},"end":{"line":12,"column":3}},"loc":{"start":{"line":12,"column":39},"end":{"line":33,"column":3}},"line":12},"2":{"name":"(anonymous_2)","decl":{"start":{"line":35,"column":2},"end":{"line":35,"column":3}},"loc":{"start":{"line":35,"column":41},"end":{"line":50,"column":3}},"line":35}},"branchMap":{},"s":{"0":6,"1":6,"2":44,"3":44,"4":44,"5":3,"6":3,"7":3,"8":3,"9":1,"10":3,"11":3,"12":3,"13":1,"14":6},"f":{"0":44,"1":3,"2":3},"b":{},"_coverageSchema":"1a1c01bbd47fc00a2c39e90264f33305004495a9","hash":"0d7b9cbab4e21e1208c440fbef32cee0717042a5"}
,"D:\\Berkas penting\\Course\\Dicoding\\Kelas_Expert Backend Javascript\\Source Code Project\\Forum-API-project\\src\\Interfaces\\http\\api\\comments\\index.js": {"path":"D:\\Berkas penting\\Course\\Dicoding\\Kelas_Expert Backend Javascript\\Source Code Project\\Forum-API-project\\src\\Interfaces\\http\\api\\comments\\index.js","statementMap":{"0":{"start":{"line":1,"column":15},"end":{"line":1,"column":34}},"1":{"start":{"line":2,"column":24},"end":{"line":2,"column":44}},"2":{"start":{"line":4,"column":0},"end":{"line":10,"column":2}},"3":{"start":{"line":7,"column":28},"end":{"line":7,"column":58}},"4":{"start":{"line":8,"column":4},"end":{"line":8,"column":42}}},"fnMap":{"0":{"name":"(anonymous_0)","decl":{"start":{"line":6,"column":12},"end":{"line":6,"column":13}},"loc":{"start":{"line":6,"column":45},"end":{"line":9,"column":3}},"line":6}},"branchMap":{},"s":{"0":6,"1":6,"2":6,"3":44,"4":44},"f":{"0":44},"b":{},"_coverageSchema":"1a1c01bbd47fc00a2c39e90264f33305004495a9","hash":"ff603e157b1c24fa49c7a6718c489f87a0dca365"}
,"D:\\Berkas penting\\Course\\Dicoding\\Kelas_Expert Backend Javascript\\Source Code Project\\Forum-API-project\\src\\Interfaces\\http\\api\\comments\\routes.js": {"path":"D:\\Berkas penting\\Course\\Dicoding\\Kelas_Expert Backend Javascript\\Source Code Project\\Forum-API-project\\src\\Interfaces\\http\\api\\comments\\routes.js","statementMap":{"0":{"start":{"line":1,"column":15},"end":{"line":18,"column":1}},"1":{"start":{"line":1,"column":28},"end":{"line":18,"column":1}},"2":{"start":{"line":20,"column":0},"end":{"line":20,"column":24}}},"fnMap":{"0":{"name":"(anonymous_0)","decl":{"start":{"line":1,"column":15},"end":{"line":1,"column":16}},"loc":{"start":{"line":1,"column":28},"end":{"line":18,"column":1}},"line":1}},"branchMap":{},"s":{"0":6,"1":44,"2":6},"f":{"0":44},"b":{},"_coverageSchema":"1a1c01bbd47fc00a2c39e90264f33305004495a9","hash":"0146b2b05401f8dd24dc1a603e5fb0b681c95dfc"}
,"D:\\Berkas penting\\Course\\Dicoding\\Kelas_Expert Backend Javascript\\Source Code Project\\Forum-API-project\\src\\Interfaces\\http\\api\\replies\\handler.js": {"path":"D:\\Berkas penting\\Course\\Dicoding\\Kelas_Expert Backend Javascript\\Source Code Project\\Forum-API-project\\src\\Interfaces\\http\\api\\replies\\handler.js","statementMap":{"0":{"start":{"line":1,"column":24},"end":{"line":1,"column":84}},"1":{"start":{"line":2,"column":27},"end":{"line":2,"column":90}},"2":{"start":{"line":6,"column":4},"end":{"line":6,"column":32}},"3":{"start":{"line":8,"column":4},"end":{"line":8,"column":75}},"4":{"start":{"line":9,"column":4},"end":{"line":9,"column":79}},"5":{"start":{"line":13,"column":24},"end":{"line":13,"column":39}},"6":{"start":{"line":14,"column":36},"end":{"line":14,"column":50}},"7":{"start":{"line":15,"column":26},"end":{"line":15,"column":50}},"8":{"start":{"line":17,"column":20},"end":{"line":24,"column":8}},"9":{"start":{"line":26,"column":4},"end":{"line":34,"column":17}},"10":{"start":{"line":38,"column":26},"end":{"line":38,"column":50}},"11":{"start":{"line":39,"column":45},"end":{"line":39,"column":59}},"12":{"start":{"line":41,"column":4},"end":{"line":46,"column":7}},"13":{"start":{"line":48,"column":4},"end":{"line":52,"column":17}},"14":{"start":{"line":56,"column":0},"end":{"line":56,"column":32}}},"fnMap":{"0":{"name":"(anonymous_0)","decl":{"start":{"line":5,"column":2},"end":{"line":5,"column":3}},"loc":{"start":{"line":5,"column":25},"end":{"line":10,"column":3}},"line":5},"1":{"name":"(anonymous_1)","decl":{"start":{"line":12,"column":2},"end":{"line":12,"column":3}},"loc":{"start":{"line":12,"column":44},"end":{"line":35,"column":3}},"line":12},"2":{"name":"(anonymous_2)","decl":{"start":{"line":37,"column":2},"end":{"line":37,"column":3}},"loc":{"start":{"line":37,"column":46},"end":{"line":53,"column":3}},"line":37}},"branchMap":{},"s":{"0":6,"1":6,"2":44,"3":44,"4":44,"5":3,"6":3,"7":3,"8":3,"9":1,"10":3,"11":3,"12":3,"13":1,"14":6},"f":{"0":44,"1":3,"2":3},"b":{},"_coverageSchema":"1a1c01bbd47fc00a2c39e90264f33305004495a9","hash":"d9e28c6add957921c1d2dfc46c1acfd61db3b126"}
,"D:\\Berkas penting\\Course\\Dicoding\\Kelas_Expert Backend Javascript\\Source Code Project\\Forum-API-project\\src\\Interfaces\\http\\api\\replies\\index.js": {"path":"D:\\Berkas penting\\Course\\Dicoding\\Kelas_Expert Backend Javascript\\Source Code Project\\Forum-API-project\\src\\Interfaces\\http\\api\\replies\\index.js","statementMap":{"0":{"start":{"line":1,"column":23},"end":{"line":1,"column":43}},"1":{"start":{"line":2,"column":15},"end":{"line":2,"column":34}},"2":{"start":{"line":4,"column":0},"end":{"line":10,"column":2}},"3":{"start":{"line":7,"column":27},"end":{"line":7,"column":56}},"4":{"start":{"line":8,"column":4},"end":{"line":8,"column":41}}},"fnMap":{"0":{"name":"(anonymous_0)","decl":{"start":{"line":6,"column":12},"end":{"line":6,"column":13}},"loc":{"start":{"line":6,"column":45},"end":{"line":9,"column":3}},"line":6}},"branchMap":{},"s":{"0":6,"1":6,"2":6,"3":44,"4":44},"f":{"0":44},"b":{},"_coverageSchema":"1a1c01bbd47fc00a2c39e90264f33305004495a9","hash":"246b018ef72714bd576d7db56ea03a405dc696bd"}
,"D:\\Berkas penting\\Course\\Dicoding\\Kelas_Expert Backend Javascript\\Source Code Project\\Forum-API-project\\src\\Interfaces\\http\\api\\replies\\routes.js": {"path":"D:\\Berkas penting\\Course\\Dicoding\\Kelas_Expert Backend Javascript\\Source Code Project\\Forum-API-project\\src\\Interfaces\\http\\api\\replies\\routes.js","statementMap":{"0":{"start":{"line":1,"column":15},"end":{"line":18,"column":1}},"1":{"start":{"line":1,"column":28},"end":{"line":18,"column":1}},"2":{"start":{"line":20,"column":0},"end":{"line":20,"column":24}}},"fnMap":{"0":{"name":"(anonymous_0)","decl":{"start":{"line":1,"column":15},"end":{"line":1,"column":16}},"loc":{"start":{"line":1,"column":28},"end":{"line":18,"column":1}},"line":1}},"branchMap":{},"s":{"0":6,"1":44,"2":6},"f":{"0":44},"b":{},"_coverageSchema":"1a1c01bbd47fc00a2c39e90264f33305004495a9","hash":"6774d4615708a779ef7fb19f50285fa1a4753958"}
,"D:\\Berkas penting\\Course\\Dicoding\\Kelas_Expert Backend Javascript\\Source Code Project\\Forum-API-project\\src\\Interfaces\\http\\api\\threads\\handler.js": {"path":"D:\\Berkas penting\\Course\\Dicoding\\Kelas_Expert Backend Javascript\\Source Code Project\\Forum-API-project\\src\\Interfaces\\http\\api\\threads\\handler.js","statementMap":{"0":{"start":{"line":1,"column":25},"end":{"line":1,"column":86}},"1":{"start":{"line":2,"column":29},"end":{"line":2,"column":93}},"2":{"start":{"line":6,"column":4},"end":{"line":6,"column":32}},"3":{"start":{"line":7,"column":4},"end":{"line":7,"column":63}},"4":{"start":{"line":8,"column":4},"end":{"line":8,"column":61}},"5":{"start":{"line":12,"column":29},"end":{"line":12,"column":79}},"6":{"start":{"line":13,"column":26},"end":{"line":13,"column":50}},"7":{"start":{"line":14,"column":28},"end":{"line":14,"column":43}},"8":{"start":{"line":16,"column":24},"end":{"line":16,"column":78}},"9":{"start":{"line":18,"column":4},"end":{"line":25,"column":17}},"10":{"start":{"line":29,"column":25},"end":{"line":29,"column":39}},"11":{"start":{"line":30,"column":20},"end":{"line":30,"column":74}},"12":{"start":{"line":31,"column":19},"end":{"line":31,"column":50}},"13":{"start":{"line":33,"column":4},"end":{"line":38,"column":7}},"14":{"start":{"line":42,"column":0},"end":{"line":42,"column":31}}},"fnMap":{"0":{"name":"(anonymous_0)","decl":{"start":{"line":5,"column":2},"end":{"line":5,"column":3}},"loc":{"start":{"line":5,"column":25},"end":{"line":9,"column":3}},"line":5},"1":{"name":"(anonymous_1)","decl":{"start":{"line":11,"column":2},"end":{"line":11,"column":3}},"loc":{"start":{"line":11,"column":38},"end":{"line":26,"column":3}},"line":11},"2":{"name":"(anonymous_2)","decl":{"start":{"line":28,"column":2},"end":{"line":28,"column":3}},"loc":{"start":{"line":28,"column":37},"end":{"line":39,"column":3}},"line":28}},"branchMap":{},"s":{"0":6,"1":6,"2":44,"3":44,"4":44,"5":3,"6":3,"7":3,"8":3,"9":1,"10":2,"11":2,"12":2,"13":1,"14":6},"f":{"0":44,"1":3,"2":2},"b":{},"_coverageSchema":"1a1c01bbd47fc00a2c39e90264f33305004495a9","hash":"bd6749c6f23b89faaecadf79078c2010c49960c0"}
,"D:\\Berkas penting\\Course\\Dicoding\\Kelas_Expert Backend Javascript\\Source Code Project\\Forum-API-project\\src\\Interfaces\\http\\api\\threads\\index.js": {"path":"D:\\Berkas penting\\Course\\Dicoding\\Kelas_Expert Backend Javascript\\Source Code Project\\Forum-API-project\\src\\Interfaces\\http\\api\\threads\\index.js","statementMap":{"0":{"start":{"line":1,"column":23},"end":{"line":1,"column":43}},"1":{"start":{"line":2,"column":15},"end":{"line":2,"column":34}},"2":{"start":{"line":4,"column":0},"end":{"line":10,"column":2}},"3":{"start":{"line":7,"column":27},"end":{"line":7,"column":56}},"4":{"start":{"line":8,"column":4},"end":{"line":8,"column":41}}},"fnMap":{"0":{"name":"(anonymous_0)","decl":{"start":{"line":6,"column":12},"end":{"line":6,"column":13}},"loc":{"start":{"line":6,"column":45},"end":{"line":9,"column":3}},"line":6}},"branchMap":{},"s":{"0":6,"1":6,"2":6,"3":44,"4":44},"f":{"0":44},"b":{},"_coverageSchema":"1a1c01bbd47fc00a2c39e90264f33305004495a9","hash":"aa58c1c0d9e200d8f350b8becf36804d70ee8a64"}
,"D:\\Berkas penting\\Course\\Dicoding\\Kelas_Expert Backend Javascript\\Source Code Project\\Forum-API-project\\src\\Interfaces\\http\\api\\threads\\routes.js": {"path":"D:\\Berkas penting\\Course\\Dicoding\\Kelas_Expert Backend Javascript\\Source Code Project\\Forum-API-project\\src\\Interfaces\\http\\api\\threads\\routes.js","statementMap":{"0":{"start":{"line":1,"column":15},"end":{"line":13,"column":1}},"1":{"start":{"line":1,"column":28},"end":{"line":13,"column":1}},"2":{"start":{"line":15,"column":0},"end":{"line":15,"column":24}}},"fnMap":{"0":{"name":"(anonymous_0)","decl":{"start":{"line":1,"column":15},"end":{"line":1,"column":16}},"loc":{"start":{"line":1,"column":28},"end":{"line":13,"column":1}},"line":1}},"branchMap":{},"s":{"0":6,"1":44,"2":6},"f":{"0":44},"b":{},"_coverageSchema":"1a1c01bbd47fc00a2c39e90264f33305004495a9","hash":"54a65d5c063a0cbf7ce5d5bd1d36871175d5c336"}
,"D:\\Berkas penting\\Course\\Dicoding\\Kelas_Expert Backend Javascript\\Source Code Project\\Forum-API-project\\src\\Interfaces\\http\\api\\users\\handler.js": {"path":"D:\\Berkas penting\\Course\\Dicoding\\Kelas_Expert Backend Javascript\\Source Code Project\\Forum-API-project\\src\\Interfaces\\http\\api\\users\\handler.js","statementMap":{"0":{"start":{"line":1,"column":23},"end":{"line":1,"column":82}},"1":{"start":{"line":5,"column":4},"end":{"line":5,"column":32}},"2":{"start":{"line":7,"column":4},"end":{"line":7,"column":59}},"3":{"start":{"line":11,"column":22},"end":{"line":13,"column":31}},"4":{"start":{"line":15,"column":4},"end":{"line":22,"column":17}},"5":{"start":{"line":26,"column":0},"end":{"line":26,"column":30}}},"fnMap":{"0":{"name":"(anonymous_0)","decl":{"start":{"line":4,"column":2},"end":{"line":4,"column":3}},"loc":{"start":{"line":4,"column":25},"end":{"line":8,"column":3}},"line":4},"1":{"name":"(anonymous_1)","decl":{"start":{"line":10,"column":2},"end":{"line":10,"column":3}},"loc":{"start":{"line":10,"column":36},"end":{"line":23,"column":3}},"line":10}},"branchMap":{},"s":{"0":6,"1":44,"2":44,"3":25,"4":19,"5":6},"f":{"0":44,"1":25},"b":{},"_coverageSchema":"1a1c01bbd47fc00a2c39e90264f33305004495a9","hash":"9cf4c294feb9cdb7a15bff17ea051bc96ffab61a"}
,"D:\\Berkas penting\\Course\\Dicoding\\Kelas_Expert Backend Javascript\\Source Code Project\\Forum-API-project\\src\\Interfaces\\http\\api\\users\\index.js": {"path":"D:\\Berkas penting\\Course\\Dicoding\\Kelas_Expert Backend Javascript\\Source Code Project\\Forum-API-project\\src\\Interfaces\\http\\api\\users\\index.js","statementMap":{"0":{"start":{"line":1,"column":21},"end":{"line":1,"column":41}},"1":{"start":{"line":2,"column":15},"end":{"line":2,"column":34}},"2":{"start":{"line":4,"column":0},"end":{"line":10,"column":2}},"3":{"start":{"line":7,"column":25},"end":{"line":7,"column":52}},"4":{"start":{"line":8,"column":4},"end":{"line":8,"column":39}}},"fnMap":{"0":{"name":"(anonymous_0)","decl":{"start":{"line":6,"column":12},"end":{"line":6,"column":13}},"loc":{"start":{"line":6,"column":45},"end":{"line":9,"column":3}},"line":6}},"branchMap":{},"s":{"0":6,"1":6,"2":6,"3":44,"4":44},"f":{"0":44},"b":{},"_coverageSchema":"1a1c01bbd47fc00a2c39e90264f33305004495a9","hash":"40626dd8392d4d2c5bf1f45e06b8bf1d9ddfd084"}
,"D:\\Berkas penting\\Course\\Dicoding\\Kelas_Expert Backend Javascript\\Source Code Project\\Forum-API-project\\src\\Interfaces\\http\\api\\users\\routes.js": {"path":"D:\\Berkas penting\\Course\\Dicoding\\Kelas_Expert Backend Javascript\\Source Code Project\\Forum-API-project\\src\\Interfaces\\http\\api\\users\\routes.js","statementMap":{"0":{"start":{"line":1,"column":15},"end":{"line":7,"column":2}},"1":{"start":{"line":1,"column":29},"end":{"line":7,"column":1}},"2":{"start":{"line":9,"column":0},"end":{"line":9,"column":24}}},"fnMap":{"0":{"name":"(anonymous_0)","decl":{"start":{"line":1,"column":15},"end":{"line":1,"column":16}},"loc":{"start":{"line":1,"column":29},"end":{"line":7,"column":1}},"line":1}},"branchMap":{},"s":{"0":6,"1":44,"2":6},"f":{"0":44},"b":{},"_coverageSchema":"1a1c01bbd47fc00a2c39e90264f33305004495a9","hash":"13e43f94c85c68e937a8cba201d012d3b6edc72a"}
}
