TN:
SF:src\Applications\security\AuthenticationTokenManager.js
FN:2,(anonymous_0)
FN:6,(anonymous_1)
FN:10,(anonymous_2)
FN:14,(anonymous_3)
FNF:4
FNH:4
FNDA:1,(anonymous_0)
FNDA:1,(anonymous_1)
FNDA:1,(anonymous_2)
FNDA:1,(anonymous_3)
DA:3,1
DA:7,1
DA:11,1
DA:15,1
DA:19,9
LF:5
LH:5
BRF:0
BRH:0
end_of_record
TN:
SF:src\Applications\security\PasswordHash.js
FN:2,(anonymous_0)
FN:6,(anonymous_1)
FNF:2
FNH:2
FNDA:1,(anonymous_0)
FNDA:1,(anonymous_1)
DA:3,1
DA:7,1
DA:11,9
LF:3
LH:3
BRF:0
BRH:0
end_of_record
TN:
SF:src\Applications\use_case\AddCommentUseCase.js
FN:4,(anonymous_0)
FN:9,(anonymous_1)
FNF:2
FNH:2
FNDA:2,(anonymous_0)
FNDA:4,(anonymous_1)
DA:1,7
DA:5,2
DA:6,2
DA:10,4
DA:13,4
DA:15,2
DA:19,7
LF:7
LH:7
BRF:0
BRH:0
end_of_record
TN:
SF:src\Applications\use_case\AddReplyUseCase.js
FN:4,(anonymous_0)
FN:10,(anonymous_1)
FNF:2
FNH:2
FNDA:2,(anonymous_0)
FNDA:4,(anonymous_1)
DA:1,7
DA:5,2
DA:6,2
DA:7,2
DA:11,4
DA:14,4
DA:17,4
DA:18,2
DA:22,7
LF:9
LH:9
BRF:0
BRH:0
end_of_record
TN:
SF:src\Applications\use_case\AddThreadUseCase.js
FN:4,(anonymous_0)
FN:8,(anonymous_1)
FNF:2
FNH:2
FNDA:2,(anonymous_0)
FNDA:4,(anonymous_1)
DA:1,7
DA:5,2
DA:9,4
DA:10,2
DA:14,7
LF:5
LH:5
BRF:0
BRH:0
end_of_record
TN:
SF:src\Applications\use_case\AddUserUseCase.js
FN:4,(anonymous_0)
FN:9,(anonymous_1)
FNF:2
FNH:2
FNDA:6,(anonymous_0)
FNDA:25,(anonymous_1)
DA:1,7
DA:5,6
DA:6,6
DA:10,25
DA:11,21
DA:12,20
DA:13,20
DA:17,7
LF:8
LH:8
BRF:0
BRH:0
end_of_record
TN:
SF:src\Applications\use_case\DeleteAuthenticationUseCase.js
FN:2,(anonymous_0)
FN:8,(anonymous_1)
FN:15,(anonymous_2)
FNF:3
FNH:3
FNDA:3,(anonymous_0)
FNDA:3,(anonymous_1)
FNDA:3,(anonymous_2)
DA:5,3
DA:9,3
DA:10,1
DA:11,1
DA:12,1
DA:16,3
DA:17,3
DA:18,1
DA:21,2
DA:22,1
DA:27,1
LF:11
LH:11
BRDA:17,0,0,1
BRDA:17,0,1,2
BRDA:21,1,0,1
BRDA:21,1,1,1
BRF:4
BRH:4
end_of_record
TN:
SF:src\Applications\use_case\DeleteCommentUseCase.js
FN:4,(anonymous_0)
FN:9,(anonymous_1)
FNF:2
FNH:2
FNDA:2,(anonymous_0)
FNDA:4,(anonymous_1)
DA:1,7
DA:5,2
DA:6,2
DA:10,4
DA:12,4
DA:13,3
DA:14,3
DA:15,2
DA:19,7
LF:9
LH:9
BRF:0
BRH:0
end_of_record
TN:
SF:src\Applications\use_case\DeleteReplyUseCase.js
FN:4,(anonymous_0)
FN:10,(anonymous_1)
FNF:2
FNH:2
FNDA:2,(anonymous_0)
FNDA:4,(anonymous_1)
DA:1,7
DA:5,2
DA:6,2
DA:7,2
DA:11,4
DA:15,4
DA:16,3
DA:17,3
DA:18,3
DA:19,2
DA:23,7
LF:11
LH:11
BRF:0
BRH:0
end_of_record
TN:
SF:src\Applications\use_case\DetailThreadUseCase.js
FN:2,(anonymous_0)
FN:8,(anonymous_1)
FN:25,(anonymous_2)
FN:26,(anonymous_3)
FN:36,(anonymous_4)
FN:37,(anonymous_5)
FN:46,(anonymous_6)
FN:47,(anonymous_7)
FN:50,(anonymous_8)
FN:52,(anonymous_9)
FNF:10
FNH:10
FNDA:2,(anonymous_0)
FNDA:3,(anonymous_1)
FNDA:2,(anonymous_2)
FNDA:4,(anonymous_3)
FNDA:2,(anonymous_4)
FNDA:3,(anonymous_5)
FNDA:2,(anonymous_6)
FNDA:4,(anonymous_7)
FNDA:7,(anonymous_8)
FNDA:3,(anonymous_9)
DA:3,2
DA:4,2
DA:5,2
DA:9,3
DA:10,2
DA:13,2
DA:14,2
DA:15,2
DA:16,2
DA:20,2
DA:26,4
DA:37,3
DA:47,2
DA:48,4
DA:49,4
DA:50,7
DA:52,3
DA:53,4
DA:57,7
LF:19
LH:19
BRDA:30,0,0,1
BRDA:30,0,1,3
BRDA:42,1,0,1
BRDA:42,1,1,2
BRF:4
BRH:4
end_of_record
TN:
SF:src\Applications\use_case\LikeDislikeCommentUsecase.js
FN:4,(anonymous_0)
FN:10,(anonymous_1)
FNF:2
FNH:2
FNDA:2,(anonymous_0)
FNDA:2,(anonymous_1)
DA:1,1
DA:5,2
DA:6,2
DA:7,2
DA:11,2
DA:12,2
DA:17,2
DA:19,2
DA:23,2
DA:24,1
DA:26,1
DA:31,1
LF:12
LH:12
BRDA:23,0,0,1
BRDA:23,0,1,1
BRF:2
BRH:2
end_of_record
TN:
SF:src\Applications\use_case\LoginUserUseCase.js
FN:5,(anonymous_0)
FN:17,(anonymous_1)
FNF:2
FNH:2
FNDA:5,(anonymous_0)
FNDA:22,(anonymous_1)
DA:1,7
DA:2,7
DA:11,5
DA:12,5
DA:13,5
DA:14,5
DA:18,22
DA:20,20
DA:22,19
DA:24,18
DA:26,18
DA:28,18
DA:31,18
DA:36,18
DA:38,18
DA:42,7
LF:16
LH:16
BRF:0
BRH:0
end_of_record
TN:
SF:src\Applications\use_case\LogoutUserUseCase.js
FN:2,(anonymous_0)
FN:8,(anonymous_1)
FN:15,(anonymous_2)
FNF:3
FNH:3
FNDA:4,(anonymous_0)
FNDA:7,(anonymous_1)
FNDA:7,(anonymous_2)
DA:5,4
DA:9,7
DA:10,3
DA:11,3
DA:12,2
DA:16,7
DA:17,7
DA:18,2
DA:21,5
DA:22,2
DA:27,7
LF:11
LH:11
BRDA:17,0,0,2
BRDA:17,0,1,5
BRDA:21,1,0,2
BRDA:21,1,1,3
BRF:4
BRH:4
end_of_record
TN:
SF:src\Applications\use_case\RefreshAuthenticationUseCase.js
FN:2,(anonymous_0)
FN:10,(anonymous_1)
FN:22,(anonymous_2)
FNF:3
FNH:3
FNDA:4,(anonymous_0)
FNDA:8,(anonymous_1)
FNDA:8,(anonymous_2)
DA:6,4
DA:7,4
DA:11,8
DA:12,4
DA:14,4
DA:15,3
DA:17,2
DA:19,2
DA:23,8
DA:25,8
DA:26,2
DA:29,6
DA:30,2
DA:35,7
LF:14
LH:14
BRDA:25,0,0,2
BRDA:25,0,1,6
BRDA:29,1,0,2
BRDA:29,1,1,4
BRF:4
BRH:4
end_of_record
TN:
SF:src\Commons\exceptions\AuthenticationError.js
FN:4,(anonymous_0)
FNF:1
FNH:1
FNDA:3,(anonymous_0)
DA:1,7
DA:5,3
DA:6,3
DA:10,7
LF:4
LH:4
BRF:0
BRH:0
end_of_record
TN:
SF:src\Commons\exceptions\AuthorizationError.js
FN:4,(anonymous_0)
FNF:1
FNH:1
FNDA:5,(anonymous_0)
DA:1,8
DA:5,5
DA:6,5
DA:10,8
LF:4
LH:4
BRF:0
BRH:0
end_of_record
TN:
SF:src\Commons\exceptions\ClientError.js
FN:2,(anonymous_0)
FNF:1
FNH:1
FNDA:181,(anonymous_0)
DA:3,181
DA:5,181
DA:6,1
DA:9,180
DA:10,180
DA:14,19
LF:6
LH:6
BRDA:2,0,0,163
BRDA:5,1,0,1
BRDA:5,1,1,180
BRF:3
BRH:3
end_of_record
TN:
SF:src\Commons\exceptions\DomainErrorTranslator.js
FN:4,(anonymous_0)
FNF:1
FNH:1
FNDA:39,(anonymous_0)
DA:1,7
DA:3,7
DA:5,39
DA:9,7
DA:39,7
LF:5
LH:5
BRDA:5,0,0,39
BRDA:5,0,1,19
BRF:2
BRH:2
end_of_record
TN:
SF:src\Commons\exceptions\InvariantError.js
FN:4,(anonymous_0)
FNF:1
FNH:1
FNDA:162,(anonymous_0)
DA:1,11
DA:5,162
DA:6,162
DA:10,11
LF:4
LH:4
BRF:0
BRH:0
end_of_record
TN:
SF:src\Commons\exceptions\NotFoundError.js
FN:4,(anonymous_0)
FNF:1
FNH:1
FNDA:10,(anonymous_0)
DA:1,9
DA:5,10
DA:6,10
DA:10,9
LF:4
LH:4
BRF:0
BRH:0
end_of_record
TN:
SF:src\Domains\authentications\AuthenticationRepository.js
FN:2,(anonymous_0)
FN:6,(anonymous_1)
FN:10,(anonymous_2)
FNF:3
FNH:3
FNDA:1,(anonymous_0)
FNDA:1,(anonymous_1)
FNDA:1,(anonymous_2)
DA:3,1
DA:7,1
DA:11,1
DA:15,11
LF:4
LH:4
BRF:0
BRH:0
end_of_record
TN:
SF:src\Domains\authentications\entities\NewAuth.js
FN:2,(anonymous_0)
FN:9,(anonymous_1)
FNF:2
FNH:2
FNDA:23,(anonymous_0)
FNDA:23,(anonymous_1)
DA:3,23
DA:5,21
DA:6,21
DA:10,23
DA:12,23
DA:13,1
DA:16,22
DA:17,1
DA:22,8
LF:9
LH:9
BRDA:12,0,0,1
BRDA:12,0,1,22
BRDA:12,1,0,23
BRDA:12,1,1,23
BRDA:16,2,0,1
BRDA:16,2,1,21
BRDA:16,3,0,22
BRDA:16,3,1,22
BRF:8
BRH:8
end_of_record
TN:
SF:src\Domains\comments\CommentRepository.js
FN:4,(anonymous_0)
FN:8,(anonymous_1)
FN:12,(anonymous_2)
FN:16,(anonymous_3)
FN:20,(anonymous_4)
FNF:5
FNH:5
FNDA:1,(anonymous_0)
FNDA:1,(anonymous_1)
FNDA:1,(anonymous_2)
FNDA:1,(anonymous_3)
FNDA:1,(anonymous_4)
DA:5,1
DA:9,1
DA:13,1
DA:17,1
DA:21,1
DA:25,13
LF:6
LH:6
BRF:0
BRH:0
end_of_record
TN:
SF:src\Domains\comments\entities\AddComment.js
FN:2,(anonymous_0)
FN:10,(anonymous_1)
FNF:2
FNH:2
FNDA:9,(anonymous_0)
FNDA:9,(anonymous_1)
DA:3,9
DA:4,5
DA:5,5
DA:6,5
DA:7,5
DA:11,9
DA:12,2
DA:14,7
DA:19,2
DA:23,9
LF:10
LH:10
BRDA:11,0,0,2
BRDA:11,0,1,7
BRDA:11,1,0,9
BRDA:11,1,1,9
BRDA:11,1,2,8
BRDA:14,2,0,2
BRDA:14,2,1,5
BRDA:15,3,0,7
BRDA:15,3,1,6
BRDA:15,3,2,5
BRF:10
BRH:10
end_of_record
TN:
SF:src\Domains\comments\entities\AddedComment.js
FN:2,(anonymous_0)
FN:10,(anonymous_1)
FNF:2
FNH:2
FNDA:8,(anonymous_0)
FNDA:8,(anonymous_1)
DA:3,8
DA:4,6
DA:5,6
DA:6,6
DA:7,6
DA:11,8
DA:12,1
DA:14,7
DA:19,1
DA:24,8
LF:10
LH:10
BRDA:11,0,0,1
BRDA:11,0,1,7
BRDA:11,1,0,8
BRDA:11,1,1,8
BRDA:11,1,2,8
BRDA:14,2,0,1
BRDA:14,2,1,6
BRDA:15,3,0,7
BRDA:15,3,1,6
BRDA:15,3,2,6
BRF:10
BRH:10
end_of_record
TN:
SF:src\Domains\comments\entities\DeleteComment.js
FN:2,(anonymous_0)
FN:12,(anonymous_1)
FNF:2
FNH:2
FNDA:7,(anonymous_0)
FNDA:7,(anonymous_1)
DA:3,7
DA:5,5
DA:7,5
DA:8,5
DA:9,5
DA:13,7
DA:14,1
DA:17,6
DA:22,1
DA:27,8
LF:10
LH:10
BRDA:13,0,0,1
BRDA:13,0,1,6
BRDA:13,1,0,7
BRDA:13,1,1,7
BRDA:13,1,2,7
BRDA:17,2,0,1
BRDA:17,2,1,5
BRDA:18,3,0,6
BRDA:18,3,1,5
BRDA:18,3,2,5
BRF:10
BRH:10
end_of_record
TN:
SF:src\Domains\likes\CommentLikeRepository.js
FN:3,(anonymous_0)
FN:7,(anonymous_1)
FN:11,(anonymous_2)
FN:15,(anonymous_3)
FNF:4
FNH:4
FNDA:1,(anonymous_0)
FNDA:1,(anonymous_1)
FNDA:1,(anonymous_2)
FNDA:1,(anonymous_3)
DA:4,1
DA:8,1
DA:12,1
DA:16,1
DA:20,2
LF:5
LH:5
BRF:0
BRH:0
end_of_record
TN:
SF:src\Domains\likes\entities\Like.js
FN:2,(anonymous_0)
FN:11,(anonymous_1)
FNF:2
FNH:2
FNDA:7,(anonymous_0)
FNDA:7,(anonymous_1)
DA:3,7
DA:5,5
DA:7,5
DA:8,5
DA:12,7
DA:13,1
DA:16,6
DA:17,1
DA:22,2
LF:9
LH:9
BRDA:12,0,0,1
BRDA:12,0,1,6
BRDA:12,1,0,7
BRDA:12,1,1,7
BRDA:16,2,0,1
BRDA:16,2,1,5
BRDA:16,3,0,6
BRDA:16,3,1,5
BRF:8
BRH:8
end_of_record
TN:
SF:src\Domains\replies\ReplyRepository.js
FN:3,(anonymous_0)
FN:7,(anonymous_1)
FN:11,(anonymous_2)
FN:15,(anonymous_3)
FN:19,(anonymous_4)
FNF:5
FNH:5
FNDA:1,(anonymous_0)
FNDA:1,(anonymous_1)
FNDA:1,(anonymous_2)
FNDA:1,(anonymous_3)
FNDA:1,(anonymous_4)
DA:4,1
DA:8,1
DA:12,1
DA:16,1
DA:20,1
DA:24,10
LF:6
LH:6
BRF:0
BRH:0
end_of_record
TN:
SF:src\Domains\replies\entities\AddReply.js
FN:2,(anonymous_0)
FN:12,(anonymous_1)
FNF:2
FNH:2
FNDA:9,(anonymous_0)
FNDA:9,(anonymous_1)
DA:3,9
DA:5,5
DA:7,5
DA:8,5
DA:9,5
DA:13,9
DA:14,2
DA:17,7
DA:22,2
DA:27,9
LF:10
LH:10
BRDA:13,0,0,2
BRDA:13,0,1,7
BRDA:13,1,0,9
BRDA:13,1,1,9
BRDA:13,1,2,8
BRDA:17,2,0,2
BRDA:17,2,1,5
BRDA:18,3,0,7
BRDA:18,3,1,6
BRDA:18,3,2,5
BRF:10
BRH:10
end_of_record
TN:
SF:src\Domains\replies\entities\AddedReply.js
FN:2,(anonymous_0)
FN:12,(anonymous_1)
FNF:2
FNH:2
FNDA:8,(anonymous_0)
FNDA:8,(anonymous_1)
DA:3,8
DA:5,6
DA:7,6
DA:8,6
DA:9,6
DA:13,8
DA:14,1
DA:17,7
DA:22,1
DA:27,8
LF:10
LH:10
BRDA:13,0,0,1
BRDA:13,0,1,7
BRDA:13,1,0,8
BRDA:13,1,1,8
BRDA:13,1,2,8
BRDA:17,2,0,1
BRDA:17,2,1,6
BRDA:18,3,0,7
BRDA:18,3,1,6
BRDA:18,3,2,6
BRF:10
BRH:10
end_of_record
TN:
SF:src\Domains\replies\entities\DeleteReply.js
FN:2,(anonymous_0)
FN:13,(anonymous_1)
FNF:2
FNH:2
FNDA:7,(anonymous_0)
FNDA:7,(anonymous_1)
DA:3,7
DA:5,5
DA:7,5
DA:8,5
DA:9,5
DA:10,5
DA:14,7
DA:15,1
DA:18,6
DA:24,1
DA:29,8
LF:11
LH:11
BRDA:14,0,0,1
BRDA:14,0,1,6
BRDA:14,1,0,7
BRDA:14,1,1,7
BRDA:14,1,2,7
BRDA:14,1,3,6
BRDA:18,2,0,1
BRDA:18,2,1,5
BRDA:19,3,0,6
BRDA:19,3,1,5
BRDA:19,3,2,5
BRDA:19,3,3,5
BRF:12
BRH:12
end_of_record
TN:
SF:src\Domains\threads\ThreadRepository.js
FN:3,(anonymous_0)
FN:7,(anonymous_1)
FN:11,(anonymous_2)
FNF:3
FNH:3
FNDA:1,(anonymous_0)
FNDA:1,(anonymous_1)
FNDA:1,(anonymous_2)
DA:4,1
DA:8,1
DA:12,1
DA:16,14
LF:4
LH:4
BRF:0
BRH:0
end_of_record
TN:
SF:src\Domains\threads\entities\AddThread.js
FN:2,(anonymous_0)
FN:12,(anonymous_1)
FNF:2
FNH:2
FNDA:10,(anonymous_0)
FNDA:10,(anonymous_1)
DA:3,10
DA:5,5
DA:7,5
DA:8,5
DA:9,5
DA:13,10
DA:14,2
DA:17,8
DA:22,2
DA:25,6
DA:26,1
DA:31,9
LF:12
LH:12
BRDA:13,0,0,2
BRDA:13,0,1,8
BRDA:13,1,0,10
BRDA:13,1,1,10
BRDA:13,1,2,9
BRDA:17,2,0,2
BRDA:17,2,1,6
BRDA:18,3,0,8
BRDA:18,3,1,6
BRDA:18,3,2,6
BRDA:25,4,0,1
BRDA:25,4,1,5
BRF:12
BRH:12
end_of_record
TN:
SF:src\Domains\threads\entities\AddedThread.js
FN:2,(anonymous_0)
FN:11,(anonymous_1)
FNF:2
FNH:2
FNDA:8,(anonymous_0)
FNDA:8,(anonymous_1)
DA:3,8
DA:4,6
DA:6,6
DA:7,6
DA:8,6
DA:12,8
DA:13,1
DA:16,7
DA:21,1
DA:25,8
LF:10
LH:10
BRDA:12,0,0,1
BRDA:12,0,1,7
BRDA:12,1,0,8
BRDA:12,1,1,8
BRDA:12,1,2,8
BRDA:16,2,0,1
BRDA:16,2,1,6
BRDA:17,3,0,7
BRDA:17,3,1,6
BRDA:17,3,2,6
BRF:10
BRH:10
end_of_record
TN:
SF:src\Domains\users\UserRepository.js
FN:2,(anonymous_0)
FN:6,(anonymous_1)
FN:10,(anonymous_2)
FN:14,(anonymous_3)
FNF:4
FNH:4
FNDA:1,(anonymous_0)
FNDA:1,(anonymous_1)
FNDA:1,(anonymous_2)
FNDA:1,(anonymous_3)
DA:3,1
DA:7,1
DA:11,1
DA:15,1
DA:19,9
LF:5
LH:5
BRF:0
BRH:0
end_of_record
TN:
SF:src\Domains\users\entities\RegisterUser.js
FN:2,(anonymous_0)
FN:12,(anonymous_1)
FNF:2
FNH:2
FNDA:33,(anonymous_0)
FNDA:33,(anonymous_1)
DA:3,33
DA:5,25
DA:7,25
DA:8,25
DA:9,25
DA:13,33
DA:14,2
DA:17,31
DA:18,2
DA:21,29
DA:22,2
DA:25,27
DA:26,2
DA:31,9
LF:14
LH:14
BRDA:13,0,0,2
BRDA:13,0,1,31
BRDA:13,1,0,33
BRDA:13,1,1,32
BRDA:13,1,2,32
BRDA:17,2,0,2
BRDA:17,2,1,29
BRDA:17,3,0,31
BRDA:17,3,1,30
BRDA:17,3,2,30
BRDA:21,4,0,2
BRDA:21,4,1,27
BRDA:25,5,0,2
BRDA:25,5,1,25
BRF:14
BRH:14
end_of_record
TN:
SF:src\Domains\users\entities\RegisteredUser.js
FN:2,(anonymous_0)
FN:12,(anonymous_1)
FNF:2
FNH:2
FNDA:27,(anonymous_0)
FNDA:27,(anonymous_1)
DA:3,27
DA:5,25
DA:7,25
DA:8,25
DA:9,25
DA:13,27
DA:14,1
DA:17,26
DA:18,1
DA:23,8
LF:10
LH:10
BRDA:13,0,0,1
BRDA:13,0,1,26
BRDA:13,1,0,27
BRDA:13,1,1,26
BRDA:13,1,2,26
BRDA:17,2,0,1
BRDA:17,2,1,25
BRDA:17,3,0,26
BRDA:17,3,1,25
BRDA:17,3,2,25
BRF:10
BRH:10
end_of_record
TN:
SF:src\Domains\users\entities\UserLogin.js
FN:2,(anonymous_0)
FN:9,(anonymous_1)
FNF:2
FNH:2
FNDA:25,(anonymous_0)
FNDA:25,(anonymous_1)
DA:3,25
DA:5,21
DA:6,21
DA:10,25
DA:12,25
DA:13,2
DA:16,23
DA:17,2
DA:22,8
LF:9
LH:9
BRDA:12,0,0,2
BRDA:12,0,1,23
BRDA:12,1,0,25
BRDA:12,1,1,25
BRDA:16,2,0,2
BRDA:16,2,1,21
BRDA:16,3,0,23
BRDA:16,3,1,22
BRF:8
BRH:8
end_of_record
TN:
SF:src\Infrastructures\http\createServer.js
FN:16,(anonymous_0)
FN:36,(anonymous_1)
FN:70,(anonymous_2)
FN:75,(anonymous_3)
FNF:4
FNH:3
FNDA:44,(anonymous_0)
FNDA:15,(anonymous_1)
FNDA:0,(anonymous_2)
FNDA:78,(anonymous_3)
DA:2,6
DA:3,6
DA:6,6
DA:7,6
DA:10,6
DA:11,6
DA:12,6
DA:13,6
DA:14,6
DA:16,6
DA:17,44
DA:22,44
DA:28,44
DA:36,15
DA:44,44
DA:67,44
DA:70,0
DA:75,44
DA:77,78
DA:79,78
DA:81,34
DA:84,34
DA:85,27
DA:89,27
DA:90,27
DA:94,7
DA:95,6
DA:99,1
DA:103,1
DA:104,1
DA:107,44
DA:110,44
DA:113,6
LF:33
LH:32
BRDA:79,0,0,34
BRDA:79,0,1,44
BRDA:84,1,0,27
BRDA:84,1,1,7
BRDA:94,2,0,6
BRDA:94,2,1,1
BRF:6
BRH:6
end_of_record
TN:
SF:src\Infrastructures\repository\AuthenticationRepositoryPostgres.js
FN:5,(anonymous_0)
FN:10,(anonymous_1)
FN:19,(anonymous_2)
FN:32,(anonymous_3)
FNF:4
FNH:4
FNDA:8,(anonymous_0)
FNDA:18,(anonymous_1)
FNDA:6,(anonymous_2)
FNDA:2,(anonymous_3)
DA:1,6
DA:2,6
DA:6,8
DA:7,8
DA:11,18
DA:16,18
DA:20,6
DA:25,6
DA:27,6
DA:28,3
DA:33,2
DA:38,2
DA:42,6
LF:13
LH:13
BRDA:27,0,0,3
BRDA:27,0,1,3
BRF:2
BRH:2
end_of_record
TN:
SF:src\Infrastructures\repository\CommentRepositoryPostgres.js
FN:8,(anonymous_0)
FN:14,(anonymous_1)
FN:27,(anonymous_2)
FN:39,(anonymous_3)
FN:45,(anonymous_4)
FN:58,(anonymous_5)
FN:71,(anonymous_6)
FNF:7
FNH:7
FNDA:12,(anonymous_0)
FNDA:2,(anonymous_1)
FNDA:3,(anonymous_2)
FNDA:2,(anonymous_3)
FNDA:3,(anonymous_4)
FNDA:9,(anonymous_5)
FNDA:4,(anonymous_6)
DA:1,6
DA:2,6
DA:4,6
DA:5,6
DA:9,12
DA:10,12
DA:11,12
DA:15,2
DA:16,2
DA:18,2
DA:23,2
DA:24,2
DA:28,3
DA:37,3
DA:39,3
DA:46,3
DA:51,3
DA:53,3
DA:54,1
DA:59,9
DA:64,9
DA:66,9
DA:67,1
DA:72,4
DA:77,4
DA:79,4
DA:80,2
DA:85,6
LF:28
LH:28
BRDA:53,0,0,1
BRDA:53,0,1,2
BRDA:66,1,0,1
BRDA:66,1,1,8
BRDA:79,2,0,2
BRDA:79,2,1,2
BRF:6
BRH:6
end_of_record
TN:
SF:src\Infrastructures\repository\ReplyRepositoryPostgres.js
FN:7,(anonymous_0)
FN:13,(anonymous_1)
FN:27,(anonymous_2)
FN:40,(anonymous_3)
FN:53,(anonymous_4)
FN:74,(anonymous_5)
FN:80,(anonymous_6)
FNF:7
FNH:7
FNDA:11,(anonymous_0)
FNDA:2,(anonymous_1)
FNDA:4,(anonymous_2)
FNDA:4,(anonymous_3)
FNDA:3,(anonymous_4)
FNDA:2,(anonymous_5)
FNDA:3,(anonymous_6)
DA:1,6
DA:2,6
DA:3,6
DA:4,6
DA:8,11
DA:9,11
DA:10,11
DA:14,2
DA:15,2
DA:17,2
DA:22,2
DA:24,2
DA:28,4
DA:33,4
DA:35,4
DA:36,1
DA:41,4
DA:46,4
DA:48,4
DA:49,2
DA:54,3
DA:72,3
DA:74,3
DA:81,3
DA:86,3
DA:88,3
DA:89,1
DA:94,6
LF:28
LH:28
BRDA:35,0,0,1
BRDA:35,0,1,3
BRDA:48,1,0,2
BRDA:48,1,1,2
BRDA:88,2,0,1
BRDA:88,2,1,2
BRF:6
BRH:6
end_of_record
TN:
SF:src\Infrastructures\repository\ThreadRepositoryPostgres.js
FN:6,(anonymous_0)
FN:11,(anonymous_1)
FN:25,(anonymous_2)
FN:38,(anonymous_3)
FNF:4
FNH:4
FNDA:8,(anonymous_0)
FNDA:2,(anonymous_1)
FNDA:14,(anonymous_2)
FNDA:4,(anonymous_3)
DA:1,6
DA:2,6
DA:3,6
DA:7,8
DA:8,8
DA:9,8
DA:12,2
DA:13,2
DA:15,2
DA:20,2
DA:22,2
DA:26,14
DA:31,14
DA:33,14
DA:34,3
DA:39,4
DA:52,4
DA:54,4
DA:55,2
DA:58,2
DA:62,6
LF:21
LH:21
BRDA:33,0,0,3
BRDA:33,0,1,11
BRDA:54,1,0,2
BRDA:54,1,1,2
BRF:4
BRH:4
end_of_record
TN:
SF:src\Infrastructures\repository\UserRepositoryPostgres.js
FN:6,(anonymous_0)
FN:12,(anonymous_1)
FN:24,(anonymous_2)
FN:41,(anonymous_3)
FN:55,(anonymous_4)
FNF:5
FNH:5
FNDA:13,(anonymous_0)
FNDA:22,(anonymous_1)
FNDA:21,(anonymous_2)
FNDA:21,(anonymous_3)
FNDA:19,(anonymous_4)
DA:1,6
DA:2,6
DA:3,6
DA:7,13
DA:8,13
DA:9,13
DA:13,22
DA:18,22
DA:19,22
DA:20,2
DA:25,21
DA:26,21
DA:28,21
DA:37,21
DA:38,21
DA:42,21
DA:47,21
DA:48,21
DA:49,2
DA:52,19
DA:56,19
DA:61,19
DA:62,19
DA:63,1
DA:66,18
DA:70,6
LF:26
LH:26
BRDA:19,0,0,2
BRDA:19,0,1,20
BRDA:48,1,0,2
BRDA:48,1,1,19
BRDA:62,2,0,1
BRDA:62,2,1,18
BRF:6
BRH:6
end_of_record
TN:
SF:src\Infrastructures\security\BcryptPasswordHash.js
FN:5,(anonymous_0)
FN:11,(anonymous_1)
FN:15,(anonymous_2)
FNF:3
FNH:3
FNDA:8,(anonymous_0)
FNDA:21,(anonymous_1)
FNDA:20,(anonymous_2)
DA:1,6
DA:2,6
DA:6,8
DA:7,8
DA:8,8
DA:12,21
DA:16,20
DA:18,20
DA:19,2
DA:24,6
LF:10
LH:10
BRDA:5,0,0,8
BRDA:18,1,0,2
BRDA:18,1,1,18
BRF:3
BRH:3
end_of_record
TN:
SF:src\Infrastructures\security\JwtTokenManager.js
FN:5,(anonymous_0)
FN:10,(anonymous_1)
FN:14,(anonymous_2)
FN:18,(anonymous_3)
FN:27,(anonymous_4)
FNF:5
FNH:5
FNDA:9,(anonymous_0)
FNDA:21,(anonymous_1)
FNDA:20,(anonymous_2)
FNDA:5,(anonymous_3)
FNDA:2,(anonymous_4)
DA:1,6
DA:2,6
DA:6,9
DA:7,9
DA:11,21
DA:15,20
DA:19,5
DA:20,5
DA:21,4
DA:23,2
DA:28,2
DA:29,2
DA:33,6
LF:13
LH:13
BRF:0
BRH:0
end_of_record
TN:
SF:src\Interfaces\http\api\authentications\handler.js
FN:6,(anonymous_0)
FN:15,(anonymous_1)
FN:31,(anonymous_2)
FN:44,(anonymous_3)
FNF:4
FNH:4
FNDA:44,(anonymous_0)
FNDA:21,(anonymous_1)
FNDA:5,(anonymous_2)
FNDA:4,(anonymous_3)
DA:1,6
DA:2,6
DA:3,6
DA:7,44
DA:9,44
DA:10,44
DA:11,44
DA:16,21
DA:20,17
DA:32,5
DA:36,1
DA:45,4
DA:49,1
DA:55,6
LF:14
LH:14
BRF:0
BRH:0
end_of_record
TN:
SF:src\Interfaces\http\api\authentications\index.js
FN:6,(anonymous_0)
FNF:1
FNH:1
FNDA:44,(anonymous_0)
DA:1,6
DA:2,6
DA:4,6
DA:7,44
DA:8,44
LF:5
LH:5
BRF:0
BRH:0
end_of_record
TN:
SF:src\Interfaces\http\api\authentications\routes.js
FN:1,(anonymous_0)
FNF:1
FNH:1
FNDA:44,(anonymous_0)
DA:1,44
DA:19,6
LF:2
LH:2
BRF:0
BRH:0
end_of_record
TN:
SF:src\Interfaces\http\api\comments\handler.js
FN:5,(anonymous_0)
FN:12,(anonymous_1)
FN:35,(anonymous_2)
FNF:3
FNH:3
FNDA:44,(anonymous_0)
FNDA:3,(anonymous_1)
FNDA:3,(anonymous_2)
DA:1,6
DA:2,6
DA:6,44
DA:8,44
DA:9,44
DA:13,3
DA:14,3
DA:15,3
DA:17,3
DA:25,1
DA:36,3
DA:37,3
DA:39,3
DA:45,1
DA:53,6
LF:15
LH:15
BRF:0
BRH:0
end_of_record
TN:
SF:src\Interfaces\http\api\comments\index.js
FN:6,(anonymous_0)
FNF:1
FNH:1
FNDA:44,(anonymous_0)
DA:1,6
DA:2,6
DA:4,6
DA:7,44
DA:8,44
LF:5
LH:5
BRF:0
BRH:0
end_of_record
TN:
SF:src\Interfaces\http\api\comments\routes.js
FN:1,(anonymous_0)
FNF:1
FNH:1
FNDA:44,(anonymous_0)
DA:1,44
DA:20,6
LF:2
LH:2
BRF:0
BRH:0
end_of_record
TN:
SF:src\Interfaces\http\api\replies\handler.js
FN:5,(anonymous_0)
FN:12,(anonymous_1)
FN:37,(anonymous_2)
FNF:3
FNH:3
FNDA:44,(anonymous_0)
FNDA:3,(anonymous_1)
FNDA:3,(anonymous_2)
DA:1,6
DA:2,6
DA:6,44
DA:8,44
DA:9,44
DA:13,3
DA:14,3
DA:15,3
DA:17,3
DA:26,1
DA:38,3
DA:39,3
DA:41,3
DA:48,1
DA:56,6
LF:15
LH:15
BRF:0
BRH:0
end_of_record
TN:
SF:src\Interfaces\http\api\replies\index.js
FN:6,(anonymous_0)
FNF:1
FNH:1
FNDA:44,(anonymous_0)
DA:1,6
DA:2,6
DA:4,6
DA:7,44
DA:8,44
LF:5
LH:5
BRF:0
BRH:0
end_of_record
TN:
SF:src\Interfaces\http\api\replies\routes.js
FN:1,(anonymous_0)
FNF:1
FNH:1
FNDA:44,(anonymous_0)
DA:1,44
DA:20,6
LF:2
LH:2
BRF:0
BRH:0
end_of_record
TN:
SF:src\Interfaces\http\api\threads\handler.js
FN:5,(anonymous_0)
FN:11,(anonymous_1)
FN:28,(anonymous_2)
FNF:3
FNH:3
FNDA:44,(anonymous_0)
FNDA:3,(anonymous_1)
FNDA:2,(anonymous_2)
DA:1,6
DA:2,6
DA:6,44
DA:7,44
DA:8,44
DA:12,3
DA:13,3
DA:14,3
DA:16,3
DA:18,1
DA:29,2
DA:30,2
DA:31,2
DA:33,1
DA:42,6
LF:15
LH:15
BRF:0
BRH:0
end_of_record
TN:
SF:src\Interfaces\http\api\threads\index.js
FN:6,(anonymous_0)
FNF:1
FNH:1
FNDA:44,(anonymous_0)
DA:1,6
DA:2,6
DA:4,6
DA:7,44
DA:8,44
LF:5
LH:5
BRF:0
BRH:0
end_of_record
TN:
SF:src\Interfaces\http\api\threads\routes.js
FN:1,(anonymous_0)
FNF:1
FNH:1
FNDA:44,(anonymous_0)
DA:1,44
DA:15,6
LF:2
LH:2
BRF:0
BRH:0
end_of_record
TN:
SF:src\Interfaces\http\api\users\handler.js
FN:4,(anonymous_0)
FN:10,(anonymous_1)
FNF:2
FNH:2
FNDA:44,(anonymous_0)
FNDA:25,(anonymous_1)
DA:1,6
DA:5,44
DA:7,44
DA:11,25
DA:15,19
DA:26,6
LF:6
LH:6
BRF:0
BRH:0
end_of_record
TN:
SF:src\Interfaces\http\api\users\index.js
FN:6,(anonymous_0)
FNF:1
FNH:1
FNDA:44,(anonymous_0)
DA:1,6
DA:2,6
DA:4,6
DA:7,44
DA:8,44
LF:5
LH:5
BRF:0
BRH:0
end_of_record
TN:
SF:src\Interfaces\http\api\users\routes.js
FN:1,(anonymous_0)
FNF:1
FNH:1
FNDA:44,(anonymous_0)
DA:1,44
DA:9,6
LF:2
LH:2
BRF:0
BRH:0
end_of_record
